2019-06-10 22:20:01,174 database.py:69  INFO starting MongoDBConnection
2019-06-10 22:20:01,262 database.py:85  INFO importing data
2019-06-10 22:20:01,262 database.py:116 INFO reading product.csv data from /Users/Daniel/Library/Mobile Documents/com~apple~CloudDocs/Python_Cert/py220-online-201904-V2/students/Daniel_Carrasco/lesson10/assignment/src/
2019-06-10 22:20:01,263 database.py:130 INFO successfully read in data
2019-06-10 22:20:01,265 database.py:116 INFO reading customers.csv data from /Users/Daniel/Library/Mobile Documents/com~apple~CloudDocs/Python_Cert/py220-online-201904-V2/students/Daniel_Carrasco/lesson10/assignment/src/
2019-06-10 22:20:01,266 database.py:130 INFO successfully read in data
2019-06-10 22:20:01,268 database.py:116 INFO reading rental.csv data from /Users/Daniel/Library/Mobile Documents/com~apple~CloudDocs/Python_Cert/py220-online-201904-V2/students/Daniel_Carrasco/lesson10/assignment/src/
2019-06-10 22:20:01,269 database.py:130 INFO successfully read in data
2019-06-10 22:20:01,322 database.py:145 INFO no errors importing to Collection(Database(MongoClient(host=['127.0.0.1:27017'], document_class=dict, tz_aware=False, connect=True), 'HPNorton'), 'products') 
2019-06-10 22:20:01,398 database.py:145 INFO no errors importing to Collection(Database(MongoClient(host=['127.0.0.1:27017'], document_class=dict, tz_aware=False, connect=True), 'HPNorton'), 'customers') 
2019-06-10 22:20:01,446 database.py:145 INFO no errors importing to Collection(Database(MongoClient(host=['127.0.0.1:27017'], document_class=dict, tz_aware=False, connect=True), 'HPNorton'), 'rentals') 
2019-06-10 22:20:01,685 database.py:100 INFO succesful product imports = 10 to db
2019-06-10 22:20:01,685 database.py:101 INFO succesful customer imports = 10 to db
2019-06-10 22:20:01,685 database.py:102 INFO succesful rental imports = 9 to db
2019-06-10 22:20:01,686 database.py:105 INFO product import errors = 0 to db
2019-06-10 22:20:01,686 database.py:106 INFO customer import errors = 0 to db
2019-06-10 22:20:01,686 database.py:107 INFO rental import errors = 0 to db
2019-06-10 22:20:01,688 database.py:159 INFO starting show_available_products method
2019-06-10 22:20:01,698 database.py:174 INFO available products = {'prd001': {'description': '60-inch TV stand', 'product_type': 'livingroom', 'quantity_available': '3'}, 'prd003': {'description': 'Acacia kitchen table', 'product_type': 'kitchen', 'quantity_available': '7'}, 'prd004': {'description': 'Queen bed', 'product_type': 'bedroom', 'quantity_available': '10'}, 'prd005': {'description': 'Reading lamp', 'product_type': 'bedroom', 'quantity_available': '20'}, 'prd006': {'description': 'Portable heater', 'product_type': 'bathroom', 'quantity_available': '14'}, 'prd008': {'description': 'Smart microwave', 'product_type': 'kitchen', 'quantity_available': '30'}, 'prd010': {'description': '60-inch TV', 'product_type': 'livingroom', 'quantity_available': '3'}}
2019-06-10 22:20:01,701 database.py:183 INFO starting show_rentals method
2019-06-10 22:20:01,706 database.py:202 INFO showing rentals that match "prd002" = {'user008': {'name': 'Shirlene Harris', 'address': '4329 Honeysuckle Lane', 'phone_number': '206-279-5340', 'email': 'harrisfamily@gmail.com'}, 'user005': {'name': 'Dan Sounders', 'address': '861 Honeysuckle Lane', 'phone_number': '206-279-1723', 'email': 'soundersoccer@mls.com'}}
2019-06-10 22:23:21,817 database.py:69  INFO starting MongoDBConnection
2019-06-10 22:23:21,909 database.py:85  INFO importing data
2019-06-10 22:23:21,909 database.py:116 INFO reading product.csv data from /Users/Daniel/Library/Mobile Documents/com~apple~CloudDocs/Python_Cert/py220-online-201904-V2/students/Daniel_Carrasco/lesson10/assignment/src/
2019-06-10 22:23:21,910 database.py:130 INFO successfully read in data
2019-06-10 22:23:21,911 database.py:116 INFO reading customers.csv data from /Users/Daniel/Library/Mobile Documents/com~apple~CloudDocs/Python_Cert/py220-online-201904-V2/students/Daniel_Carrasco/lesson10/assignment/src/
2019-06-10 22:23:21,911 database.py:130 INFO successfully read in data
2019-06-10 22:23:21,912 database.py:116 INFO reading rental.csv data from /Users/Daniel/Library/Mobile Documents/com~apple~CloudDocs/Python_Cert/py220-online-201904-V2/students/Daniel_Carrasco/lesson10/assignment/src/
2019-06-10 22:23:21,912 database.py:130 INFO successfully read in data
2019-06-10 22:23:21,970 database.py:145 INFO no errors importing to Collection(Database(MongoClient(host=['127.0.0.1:27017'], document_class=dict, tz_aware=False, connect=True), 'HPNorton'), 'products') 
2019-06-10 22:23:22,018 database.py:145 INFO no errors importing to Collection(Database(MongoClient(host=['127.0.0.1:27017'], document_class=dict, tz_aware=False, connect=True), 'HPNorton'), 'customers') 
2019-06-10 22:23:22,084 database.py:145 INFO no errors importing to Collection(Database(MongoClient(host=['127.0.0.1:27017'], document_class=dict, tz_aware=False, connect=True), 'HPNorton'), 'rentals') 
2019-06-10 22:23:22,329 database.py:100 INFO succesful product imports = 10 to db
2019-06-10 22:23:22,329 database.py:101 INFO succesful customer imports = 10 to db
2019-06-10 22:23:22,329 database.py:102 INFO succesful rental imports = 9 to db
2019-06-10 22:23:22,329 database.py:105 INFO product import errors = 0 to db
2019-06-10 22:23:22,330 database.py:106 INFO customer import errors = 0 to db
2019-06-10 22:23:22,330 database.py:107 INFO rental import errors = 0 to db
2019-06-10 22:23:22,334 database.py:159 INFO starting show_available_products method
2019-06-10 22:23:22,345 database.py:174 INFO available products = {'prd001': {'description': '60-inch TV stand', 'product_type': 'livingroom', 'quantity_available': '3'}, 'prd003': {'description': 'Acacia kitchen table', 'product_type': 'kitchen', 'quantity_available': '7'}, 'prd004': {'description': 'Queen bed', 'product_type': 'bedroom', 'quantity_available': '10'}, 'prd005': {'description': 'Reading lamp', 'product_type': 'bedroom', 'quantity_available': '20'}, 'prd006': {'description': 'Portable heater', 'product_type': 'bathroom', 'quantity_available': '14'}, 'prd008': {'description': 'Smart microwave', 'product_type': 'kitchen', 'quantity_available': '30'}, 'prd010': {'description': '60-inch TV', 'product_type': 'livingroom', 'quantity_available': '3'}}
2019-06-10 22:23:22,403 database.py:183 INFO starting show_rentals method
2019-06-10 22:23:22,416 database.py:202 INFO showing rentals that match "prd002" = {'user008': {'name': 'Shirlene Harris', 'address': '4329 Honeysuckle Lane', 'phone_number': '206-279-5340', 'email': 'harrisfamily@gmail.com'}, 'user005': {'name': 'Dan Sounders', 'address': '861 Honeysuckle Lane', 'phone_number': '206-279-1723', 'email': 'soundersoccer@mls.com'}}
2019-06-10 22:23:42,370 database.py:69  INFO starting MongoDBConnection
2019-06-10 22:23:42,452 database.py:85  INFO importing data
2019-06-10 22:23:42,452 database.py:116 INFO reading product.csv data from /Users/Daniel/Library/Mobile Documents/com~apple~CloudDocs/Python_Cert/py220-online-201904-V2/students/Daniel_Carrasco/lesson10/assignment/src/
2019-06-10 22:23:42,453 database.py:130 INFO successfully read in data
2019-06-10 22:23:42,453 database.py:116 INFO reading customers.csv data from /Users/Daniel/Library/Mobile Documents/com~apple~CloudDocs/Python_Cert/py220-online-201904-V2/students/Daniel_Carrasco/lesson10/assignment/src/
2019-06-10 22:23:42,454 database.py:130 INFO successfully read in data
2019-06-10 22:23:42,455 database.py:116 INFO reading rental.csv data from /Users/Daniel/Library/Mobile Documents/com~apple~CloudDocs/Python_Cert/py220-online-201904-V2/students/Daniel_Carrasco/lesson10/assignment/src/
2019-06-10 22:23:42,455 database.py:130 INFO successfully read in data
2019-06-10 22:23:42,506 database.py:145 INFO no errors importing to Collection(Database(MongoClient(host=['127.0.0.1:27017'], document_class=dict, tz_aware=False, connect=True), 'HPNorton'), 'products') 
2019-06-10 22:23:42,560 database.py:145 INFO no errors importing to Collection(Database(MongoClient(host=['127.0.0.1:27017'], document_class=dict, tz_aware=False, connect=True), 'HPNorton'), 'customers') 
2019-06-10 22:23:42,612 database.py:145 INFO no errors importing to Collection(Database(MongoClient(host=['127.0.0.1:27017'], document_class=dict, tz_aware=False, connect=True), 'HPNorton'), 'rentals') 
2019-06-10 22:23:42,881 database.py:100 INFO succesful product imports = 10 to db
2019-06-10 22:23:42,881 database.py:101 INFO succesful customer imports = 10 to db
2019-06-10 22:23:42,881 database.py:102 INFO succesful rental imports = 9 to db
2019-06-10 22:23:42,881 database.py:105 INFO product import errors = 0 to db
2019-06-10 22:23:42,881 database.py:106 INFO customer import errors = 0 to db
2019-06-10 22:23:42,881 database.py:107 INFO rental import errors = 0 to db
2019-06-10 22:23:42,886 database.py:159 INFO starting show_available_products method
2019-06-10 22:23:42,897 database.py:174 INFO available products = {'prd001': {'description': '60-inch TV stand', 'product_type': 'livingroom', 'quantity_available': '3'}, 'prd003': {'description': 'Acacia kitchen table', 'product_type': 'kitchen', 'quantity_available': '7'}, 'prd004': {'description': 'Queen bed', 'product_type': 'bedroom', 'quantity_available': '10'}, 'prd005': {'description': 'Reading lamp', 'product_type': 'bedroom', 'quantity_available': '20'}, 'prd006': {'description': 'Portable heater', 'product_type': 'bathroom', 'quantity_available': '14'}, 'prd008': {'description': 'Smart microwave', 'product_type': 'kitchen', 'quantity_available': '30'}, 'prd010': {'description': '60-inch TV', 'product_type': 'livingroom', 'quantity_available': '3'}}
2019-06-10 22:23:42,900 database.py:183 INFO starting show_rentals method
2019-06-10 22:23:42,912 database.py:202 INFO showing rentals that match "prd002" = {'user008': {'name': 'Shirlene Harris', 'address': '4329 Honeysuckle Lane', 'phone_number': '206-279-5340', 'email': 'harrisfamily@gmail.com'}, 'user005': {'name': 'Dan Sounders', 'address': '861 Honeysuckle Lane', 'phone_number': '206-279-1723', 'email': 'soundersoccer@mls.com'}}
2019-06-10 22:24:20,922 database.py:69  INFO starting MongoDBConnection
2019-06-10 22:24:21,026 database.py:85  INFO importing data
2019-06-10 22:24:21,026 database.py:116 INFO reading product.csv data from /Users/Daniel/Library/Mobile Documents/com~apple~CloudDocs/Python_Cert/py220-online-201904-V2/students/Daniel_Carrasco/lesson10/assignment/src/
2019-06-10 22:24:21,027 database.py:130 INFO successfully read in data
2019-06-10 22:24:21,027 database.py:116 INFO reading customers.csv data from /Users/Daniel/Library/Mobile Documents/com~apple~CloudDocs/Python_Cert/py220-online-201904-V2/students/Daniel_Carrasco/lesson10/assignment/src/
2019-06-10 22:24:21,028 database.py:130 INFO successfully read in data
2019-06-10 22:24:21,028 database.py:116 INFO reading rental.csv data from /Users/Daniel/Library/Mobile Documents/com~apple~CloudDocs/Python_Cert/py220-online-201904-V2/students/Daniel_Carrasco/lesson10/assignment/src/
2019-06-10 22:24:21,029 database.py:130 INFO successfully read in data
2019-06-10 22:24:21,079 database.py:145 INFO no errors importing to Collection(Database(MongoClient(host=['127.0.0.1:27017'], document_class=dict, tz_aware=False, connect=True), 'HPNorton'), 'products') 
2019-06-10 22:24:21,135 database.py:145 INFO no errors importing to Collection(Database(MongoClient(host=['127.0.0.1:27017'], document_class=dict, tz_aware=False, connect=True), 'HPNorton'), 'customers') 
2019-06-10 22:24:21,185 database.py:145 INFO no errors importing to Collection(Database(MongoClient(host=['127.0.0.1:27017'], document_class=dict, tz_aware=False, connect=True), 'HPNorton'), 'rentals') 
2019-06-10 22:24:21,437 database.py:100 INFO succesful product imports = 10 to db
2019-06-10 22:24:21,437 database.py:101 INFO succesful customer imports = 10 to db
2019-06-10 22:24:21,438 database.py:102 INFO succesful rental imports = 9 to db
2019-06-10 22:24:21,438 database.py:105 INFO product import errors = 0 to db
2019-06-10 22:24:21,438 database.py:106 INFO customer import errors = 0 to db
2019-06-10 22:24:21,438 database.py:107 INFO rental import errors = 0 to db
2019-06-10 22:24:21,442 database.py:159 INFO starting show_available_products method
2019-06-10 22:24:21,448 database.py:174 INFO available products = {'prd001': {'description': '60-inch TV stand', 'product_type': 'livingroom', 'quantity_available': '3'}, 'prd003': {'description': 'Acacia kitchen table', 'product_type': 'kitchen', 'quantity_available': '7'}, 'prd004': {'description': 'Queen bed', 'product_type': 'bedroom', 'quantity_available': '10'}, 'prd005': {'description': 'Reading lamp', 'product_type': 'bedroom', 'quantity_available': '20'}, 'prd006': {'description': 'Portable heater', 'product_type': 'bathroom', 'quantity_available': '14'}, 'prd008': {'description': 'Smart microwave', 'product_type': 'kitchen', 'quantity_available': '30'}, 'prd010': {'description': '60-inch TV', 'product_type': 'livingroom', 'quantity_available': '3'}}
2019-06-10 22:24:21,540 database.py:183 INFO starting show_rentals method
2019-06-10 22:24:21,550 database.py:202 INFO showing rentals that match "prd002" = {'user008': {'name': 'Shirlene Harris', 'address': '4329 Honeysuckle Lane', 'phone_number': '206-279-5340', 'email': 'harrisfamily@gmail.com'}, 'user005': {'name': 'Dan Sounders', 'address': '861 Honeysuckle Lane', 'phone_number': '206-279-1723', 'email': 'soundersoccer@mls.com'}}
2019-06-10 22:24:52,180 database.py:69  INFO starting MongoDBConnection
2019-06-10 22:24:52,272 database.py:85  INFO importing data
2019-06-10 22:24:52,273 database.py:116 INFO reading product.csv data from /Users/Daniel/Library/Mobile Documents/com~apple~CloudDocs/Python_Cert/py220-online-201904-V2/students/Daniel_Carrasco/lesson10/assignment/src/
2019-06-10 22:24:52,273 database.py:130 INFO successfully read in data
2019-06-10 22:24:52,274 database.py:116 INFO reading customers.csv data from /Users/Daniel/Library/Mobile Documents/com~apple~CloudDocs/Python_Cert/py220-online-201904-V2/students/Daniel_Carrasco/lesson10/assignment/src/
2019-06-10 22:24:52,274 database.py:130 INFO successfully read in data
2019-06-10 22:24:52,274 database.py:116 INFO reading rental.csv data from /Users/Daniel/Library/Mobile Documents/com~apple~CloudDocs/Python_Cert/py220-online-201904-V2/students/Daniel_Carrasco/lesson10/assignment/src/
2019-06-10 22:24:52,275 database.py:130 INFO successfully read in data
2019-06-10 22:24:52,330 database.py:145 INFO no errors importing to Collection(Database(MongoClient(host=['127.0.0.1:27017'], document_class=dict, tz_aware=False, connect=True), 'HPNorton'), 'products') 
2019-06-10 22:24:52,387 database.py:145 INFO no errors importing to Collection(Database(MongoClient(host=['127.0.0.1:27017'], document_class=dict, tz_aware=False, connect=True), 'HPNorton'), 'customers') 
2019-06-10 22:24:52,433 database.py:145 INFO no errors importing to Collection(Database(MongoClient(host=['127.0.0.1:27017'], document_class=dict, tz_aware=False, connect=True), 'HPNorton'), 'rentals') 
2019-06-10 22:24:52,692 database.py:100 INFO succesful product imports = 10 to db
2019-06-10 22:24:52,692 database.py:101 INFO succesful customer imports = 10 to db
2019-06-10 22:24:52,692 database.py:102 INFO succesful rental imports = 9 to db
2019-06-10 22:24:52,692 database.py:105 INFO product import errors = 0 to db
2019-06-10 22:24:52,693 database.py:106 INFO customer import errors = 0 to db
2019-06-10 22:24:52,693 database.py:107 INFO rental import errors = 0 to db
2019-06-10 22:24:52,696 database.py:159 INFO starting show_available_products method
2019-06-10 22:24:52,706 database.py:174 INFO available products = {'prd001': {'description': '60-inch TV stand', 'product_type': 'livingroom', 'quantity_available': '3'}, 'prd003': {'description': 'Acacia kitchen table', 'product_type': 'kitchen', 'quantity_available': '7'}, 'prd004': {'description': 'Queen bed', 'product_type': 'bedroom', 'quantity_available': '10'}, 'prd005': {'description': 'Reading lamp', 'product_type': 'bedroom', 'quantity_available': '20'}, 'prd006': {'description': 'Portable heater', 'product_type': 'bathroom', 'quantity_available': '14'}, 'prd008': {'description': 'Smart microwave', 'product_type': 'kitchen', 'quantity_available': '30'}, 'prd010': {'description': '60-inch TV', 'product_type': 'livingroom', 'quantity_available': '3'}}
2019-06-10 22:24:52,710 database.py:183 INFO starting show_rentals method
2019-06-10 22:24:52,722 database.py:202 INFO showing rentals that match "prd002" = {'user008': {'name': 'Shirlene Harris', 'address': '4329 Honeysuckle Lane', 'phone_number': '206-279-5340', 'email': 'harrisfamily@gmail.com'}, 'user005': {'name': 'Dan Sounders', 'address': '861 Honeysuckle Lane', 'phone_number': '206-279-1723', 'email': 'soundersoccer@mls.com'}}
2019-06-10 22:27:15,871 database.py:69  INFO starting MongoDBConnection
2019-06-10 22:27:15,952 database.py:85  INFO importing data
2019-06-10 22:27:15,953 database.py:116 INFO reading product.csv data from /Users/Daniel/Library/Mobile Documents/com~apple~CloudDocs/Python_Cert/py220-online-201904-V2/students/Daniel_Carrasco/lesson10/assignment/src/
2019-06-10 22:27:15,953 database.py:130 INFO successfully read in data
2019-06-10 22:27:15,954 database.py:116 INFO reading customers.csv data from /Users/Daniel/Library/Mobile Documents/com~apple~CloudDocs/Python_Cert/py220-online-201904-V2/students/Daniel_Carrasco/lesson10/assignment/src/
2019-06-10 22:27:15,954 database.py:130 INFO successfully read in data
2019-06-10 22:27:15,955 database.py:116 INFO reading rental.csv data from /Users/Daniel/Library/Mobile Documents/com~apple~CloudDocs/Python_Cert/py220-online-201904-V2/students/Daniel_Carrasco/lesson10/assignment/src/
2019-06-10 22:27:15,955 database.py:130 INFO successfully read in data
2019-06-10 22:27:16,036 database.py:145 INFO no errors importing to Collection(Database(MongoClient(host=['127.0.0.1:27017'], document_class=dict, tz_aware=False, connect=True), 'HPNorton'), 'products') 
2019-06-10 22:27:16,092 database.py:145 INFO no errors importing to Collection(Database(MongoClient(host=['127.0.0.1:27017'], document_class=dict, tz_aware=False, connect=True), 'HPNorton'), 'customers') 
2019-06-10 22:27:16,156 database.py:145 INFO no errors importing to Collection(Database(MongoClient(host=['127.0.0.1:27017'], document_class=dict, tz_aware=False, connect=True), 'HPNorton'), 'rentals') 
2019-06-10 22:27:16,386 database.py:100 INFO succesful product imports = 10 to db
2019-06-10 22:27:16,386 database.py:101 INFO succesful customer imports = 10 to db
2019-06-10 22:27:16,386 database.py:102 INFO succesful rental imports = 9 to db
2019-06-10 22:27:16,386 database.py:105 INFO product import errors = 0 to db
2019-06-10 22:27:16,386 database.py:106 INFO customer import errors = 0 to db
2019-06-10 22:27:16,386 database.py:107 INFO rental import errors = 0 to db
2019-06-10 22:27:16,387 database.py:159 INFO starting show_available_products method
2019-06-10 22:27:16,391 database.py:174 INFO available products = {'prd001': {'description': '60-inch TV stand', 'product_type': 'livingroom', 'quantity_available': '3'}, 'prd003': {'description': 'Acacia kitchen table', 'product_type': 'kitchen', 'quantity_available': '7'}, 'prd004': {'description': 'Queen bed', 'product_type': 'bedroom', 'quantity_available': '10'}, 'prd005': {'description': 'Reading lamp', 'product_type': 'bedroom', 'quantity_available': '20'}, 'prd006': {'description': 'Portable heater', 'product_type': 'bathroom', 'quantity_available': '14'}, 'prd008': {'description': 'Smart microwave', 'product_type': 'kitchen', 'quantity_available': '30'}, 'prd010': {'description': '60-inch TV', 'product_type': 'livingroom', 'quantity_available': '3'}}
2019-06-10 22:27:16,392 database.py:183 INFO starting show_rentals method
2019-06-10 22:27:16,396 database.py:202 INFO showing rentals that match "prd002" = {'user008': {'name': 'Shirlene Harris', 'address': '4329 Honeysuckle Lane', 'phone_number': '206-279-5340', 'email': 'harrisfamily@gmail.com'}, 'user005': {'name': 'Dan Sounders', 'address': '861 Honeysuckle Lane', 'phone_number': '206-279-1723', 'email': 'soundersoccer@mls.com'}}
2019-06-10 22:27:16,396 database.py:212 INFO starting drop data method
2019-06-10 22:27:16,468 database.py:69  INFO starting MongoDBConnection
2019-06-10 22:27:16,471 database.py:85  INFO importing data
2019-06-10 22:27:16,472 database.py:116 INFO reading product.1.csv data from /Users/Daniel/Library/Mobile Documents/com~apple~CloudDocs/Python_Cert/py220-online-201904-V2/students/Daniel_Carrasco/lesson10/assignment/src/
2019-06-10 22:27:16,472 database.py:130 INFO successfully read in data
2019-06-10 22:27:16,472 database.py:116 INFO reading customers.1.csv data from /Users/Daniel/Library/Mobile Documents/com~apple~CloudDocs/Python_Cert/py220-online-201904-V2/students/Daniel_Carrasco/lesson10/assignment/src/
2019-06-10 22:27:16,472 database.py:130 INFO successfully read in data
2019-06-10 22:27:16,473 database.py:116 INFO reading rental.1.csv data from /Users/Daniel/Library/Mobile Documents/com~apple~CloudDocs/Python_Cert/py220-online-201904-V2/students/Daniel_Carrasco/lesson10/assignment/src/
2019-06-10 22:27:16,473 database.py:130 INFO successfully read in data
2019-06-10 22:27:16,521 database.py:145 INFO no errors importing to Collection(Database(MongoClient(host=['127.0.0.1:27017'], document_class=dict, tz_aware=False, connect=True), 'HPNorton'), 'products') 
2019-06-10 22:27:16,570 database.py:145 INFO no errors importing to Collection(Database(MongoClient(host=['127.0.0.1:27017'], document_class=dict, tz_aware=False, connect=True), 'HPNorton'), 'customers') 
2019-06-10 22:27:16,622 database.py:145 INFO no errors importing to Collection(Database(MongoClient(host=['127.0.0.1:27017'], document_class=dict, tz_aware=False, connect=True), 'HPNorton'), 'rentals') 
2019-06-10 22:27:16,977 database.py:100 INFO succesful product imports = 20 to db
2019-06-10 22:27:16,977 database.py:101 INFO succesful customer imports = 20 to db
2019-06-10 22:27:16,977 database.py:102 INFO succesful rental imports = 18 to db
2019-06-10 22:27:16,977 database.py:105 INFO product import errors = 0 to db
2019-06-10 22:27:16,977 database.py:106 INFO customer import errors = 0 to db
2019-06-10 22:27:16,977 database.py:107 INFO rental import errors = 0 to db
2019-06-10 22:27:16,978 database.py:159 INFO starting show_available_products method
2019-06-10 22:27:16,982 database.py:174 INFO available products = {'prd001': {'description': '60-inch TV stand', 'product_type': 'livingroom', 'quantity_available': '3'}, 'prd003': {'description': 'Acacia kitchen table', 'product_type': 'kitchen', 'quantity_available': '7'}, 'prd004': {'description': 'Queen bed', 'product_type': 'bedroom', 'quantity_available': '10'}, 'prd005': {'description': 'Reading lamp', 'product_type': 'bedroom', 'quantity_available': '20'}, 'prd006': {'description': 'Portable heater', 'product_type': 'bathroom', 'quantity_available': '14'}, 'prd008': {'description': 'Smart microwave', 'product_type': 'kitchen', 'quantity_available': '30'}, 'prd010': {'description': '60-inch TV', 'product_type': 'livingroom', 'quantity_available': '3'}}
2019-06-10 22:27:16,982 database.py:183 INFO starting show_rentals method
2019-06-10 22:27:16,991 database.py:202 INFO showing rentals that match "prd002" = {'user008': {'name': 'Shirlene Harris', 'address': '4329 Honeysuckle Lane', 'phone_number': '206-279-5340', 'email': 'harrisfamily@gmail.com'}, 'user005': {'name': 'Dan Sounders', 'address': '861 Honeysuckle Lane', 'phone_number': '206-279-1723', 'email': 'soundersoccer@mls.com'}}
2019-06-10 22:27:16,992 database.py:212 INFO starting drop data method
2019-06-10 22:27:43,493 database.py:69  INFO starting MongoDBConnection
2019-06-10 22:27:43,498 database.py:85  INFO importing data
2019-06-10 22:27:43,498 database.py:116 INFO reading product.csv data from /Users/Daniel/Library/Mobile Documents/com~apple~CloudDocs/Python_Cert/py220-online-201904-V2/students/Daniel_Carrasco/lesson10/assignment/src/
2019-06-10 22:27:43,498 database.py:130 INFO successfully read in data
2019-06-10 22:27:43,499 database.py:116 INFO reading customers.csv data from /Users/Daniel/Library/Mobile Documents/com~apple~CloudDocs/Python_Cert/py220-online-201904-V2/students/Daniel_Carrasco/lesson10/assignment/src/
2019-06-10 22:27:43,499 database.py:130 INFO successfully read in data
2019-06-10 22:27:43,500 database.py:116 INFO reading rental.csv data from /Users/Daniel/Library/Mobile Documents/com~apple~CloudDocs/Python_Cert/py220-online-201904-V2/students/Daniel_Carrasco/lesson10/assignment/src/
2019-06-10 22:27:43,500 database.py:130 INFO successfully read in data
2019-06-10 22:27:43,550 database.py:145 INFO no errors importing to Collection(Database(MongoClient(host=['127.0.0.1:27017'], document_class=dict, tz_aware=False, connect=True), 'HPNorton'), 'products') 
2019-06-10 22:27:43,594 database.py:145 INFO no errors importing to Collection(Database(MongoClient(host=['127.0.0.1:27017'], document_class=dict, tz_aware=False, connect=True), 'HPNorton'), 'customers') 
2019-06-10 22:27:43,642 database.py:145 INFO no errors importing to Collection(Database(MongoClient(host=['127.0.0.1:27017'], document_class=dict, tz_aware=False, connect=True), 'HPNorton'), 'rentals') 
2019-06-10 22:27:44,005 database.py:100 INFO succesful product imports = 10 to db
2019-06-10 22:27:44,005 database.py:101 INFO succesful customer imports = 10 to db
2019-06-10 22:27:44,005 database.py:102 INFO succesful rental imports = 9 to db
2019-06-10 22:27:44,005 database.py:105 INFO product import errors = 0 to db
2019-06-10 22:27:44,005 database.py:106 INFO customer import errors = 0 to db
2019-06-10 22:27:44,005 database.py:107 INFO rental import errors = 0 to db
2019-06-10 22:27:44,006 database.py:159 INFO starting show_available_products method
2019-06-10 22:27:44,010 database.py:174 INFO available products = {'prd001': {'description': '60-inch TV stand', 'product_type': 'livingroom', 'quantity_available': '3'}, 'prd003': {'description': 'Acacia kitchen table', 'product_type': 'kitchen', 'quantity_available': '7'}, 'prd004': {'description': 'Queen bed', 'product_type': 'bedroom', 'quantity_available': '10'}, 'prd005': {'description': 'Reading lamp', 'product_type': 'bedroom', 'quantity_available': '20'}, 'prd006': {'description': 'Portable heater', 'product_type': 'bathroom', 'quantity_available': '14'}, 'prd008': {'description': 'Smart microwave', 'product_type': 'kitchen', 'quantity_available': '30'}, 'prd010': {'description': '60-inch TV', 'product_type': 'livingroom', 'quantity_available': '3'}}
2019-06-10 22:27:44,011 database.py:183 INFO starting show_rentals method
2019-06-10 22:27:44,016 database.py:202 INFO showing rentals that match "prd002" = {'user008': {'name': 'Shirlene Harris', 'address': '4329 Honeysuckle Lane', 'phone_number': '206-279-5340', 'email': 'harrisfamily@gmail.com'}, 'user005': {'name': 'Dan Sounders', 'address': '861 Honeysuckle Lane', 'phone_number': '206-279-1723', 'email': 'soundersoccer@mls.com'}}
2019-06-10 22:27:44,017 database.py:212 INFO starting drop data method
2019-06-10 22:27:44,092 database.py:69  INFO starting MongoDBConnection
2019-06-10 22:27:44,097 database.py:85  INFO importing data
2019-06-10 22:27:44,097 database.py:116 INFO reading product.1.csv data from /Users/Daniel/Library/Mobile Documents/com~apple~CloudDocs/Python_Cert/py220-online-201904-V2/students/Daniel_Carrasco/lesson10/assignment/src/
2019-06-10 22:27:44,098 database.py:130 INFO successfully read in data
2019-06-10 22:27:44,098 database.py:116 INFO reading customers.1.csv data from /Users/Daniel/Library/Mobile Documents/com~apple~CloudDocs/Python_Cert/py220-online-201904-V2/students/Daniel_Carrasco/lesson10/assignment/src/
2019-06-10 22:27:44,098 database.py:130 INFO successfully read in data
2019-06-10 22:27:44,099 database.py:116 INFO reading rental.1.csv data from /Users/Daniel/Library/Mobile Documents/com~apple~CloudDocs/Python_Cert/py220-online-201904-V2/students/Daniel_Carrasco/lesson10/assignment/src/
2019-06-10 22:27:44,099 database.py:130 INFO successfully read in data
2019-06-10 22:27:44,156 database.py:145 INFO no errors importing to Collection(Database(MongoClient(host=['127.0.0.1:27017'], document_class=dict, tz_aware=False, connect=True), 'HPNorton'), 'products') 
2019-06-10 22:27:44,234 database.py:145 INFO no errors importing to Collection(Database(MongoClient(host=['127.0.0.1:27017'], document_class=dict, tz_aware=False, connect=True), 'HPNorton'), 'customers') 
2019-06-10 22:27:44,290 database.py:145 INFO no errors importing to Collection(Database(MongoClient(host=['127.0.0.1:27017'], document_class=dict, tz_aware=False, connect=True), 'HPNorton'), 'rentals') 
2019-06-10 22:27:44,599 database.py:100 INFO succesful product imports = 20 to db
2019-06-10 22:27:44,600 database.py:101 INFO succesful customer imports = 20 to db
2019-06-10 22:27:44,600 database.py:102 INFO succesful rental imports = 18 to db
2019-06-10 22:27:44,600 database.py:105 INFO product import errors = 0 to db
2019-06-10 22:27:44,600 database.py:106 INFO customer import errors = 0 to db
2019-06-10 22:27:44,600 database.py:107 INFO rental import errors = 0 to db
2019-06-10 22:27:44,600 database.py:159 INFO starting show_available_products method
2019-06-10 22:27:44,604 database.py:174 INFO available products = {'prd001': {'description': '60-inch TV stand', 'product_type': 'livingroom', 'quantity_available': '3'}, 'prd003': {'description': 'Acacia kitchen table', 'product_type': 'kitchen', 'quantity_available': '7'}, 'prd004': {'description': 'Queen bed', 'product_type': 'bedroom', 'quantity_available': '10'}, 'prd005': {'description': 'Reading lamp', 'product_type': 'bedroom', 'quantity_available': '20'}, 'prd006': {'description': 'Portable heater', 'product_type': 'bathroom', 'quantity_available': '14'}, 'prd008': {'description': 'Smart microwave', 'product_type': 'kitchen', 'quantity_available': '30'}, 'prd010': {'description': '60-inch TV', 'product_type': 'livingroom', 'quantity_available': '3'}}
2019-06-10 22:27:44,604 database.py:183 INFO starting show_rentals method
2019-06-10 22:27:44,610 database.py:202 INFO showing rentals that match "prd002" = {'user008': {'name': 'Shirlene Harris', 'address': '4329 Honeysuckle Lane', 'phone_number': '206-279-5340', 'email': 'harrisfamily@gmail.com'}, 'user005': {'name': 'Dan Sounders', 'address': '861 Honeysuckle Lane', 'phone_number': '206-279-1723', 'email': 'soundersoccer@mls.com'}}
2019-06-10 22:27:44,610 database.py:212 INFO starting drop data method
2019-06-10 22:30:50,942 database.py:69  INFO starting MongoDBConnection
2019-06-10 22:30:50,947 database.py:85  INFO importing data
2019-06-10 22:30:50,947 database.py:116 INFO reading product.csv data from /Users/Daniel/Library/Mobile Documents/com~apple~CloudDocs/Python_Cert/py220-online-201904-V2/students/Daniel_Carrasco/lesson10/assignment/src/
2019-06-10 22:30:50,947 database.py:130 INFO successfully read in data
2019-06-10 22:30:50,948 database.py:116 INFO reading customers.csv data from /Users/Daniel/Library/Mobile Documents/com~apple~CloudDocs/Python_Cert/py220-online-201904-V2/students/Daniel_Carrasco/lesson10/assignment/src/
2019-06-10 22:30:50,949 database.py:130 INFO successfully read in data
2019-06-10 22:30:50,949 database.py:116 INFO reading rental.csv data from /Users/Daniel/Library/Mobile Documents/com~apple~CloudDocs/Python_Cert/py220-online-201904-V2/students/Daniel_Carrasco/lesson10/assignment/src/
2019-06-10 22:30:50,949 database.py:130 INFO successfully read in data
2019-06-10 22:30:50,993 database.py:145 INFO no errors importing to Collection(Database(MongoClient(host=['127.0.0.1:27017'], document_class=dict, tz_aware=False, connect=True), 'HPNorton'), 'products') 
2019-06-10 22:30:51,040 database.py:145 INFO no errors importing to Collection(Database(MongoClient(host=['127.0.0.1:27017'], document_class=dict, tz_aware=False, connect=True), 'HPNorton'), 'customers') 
2019-06-10 22:30:51,105 database.py:145 INFO no errors importing to Collection(Database(MongoClient(host=['127.0.0.1:27017'], document_class=dict, tz_aware=False, connect=True), 'HPNorton'), 'rentals') 
2019-06-10 22:30:51,454 database.py:100 INFO succesful product imports = 10 to db
2019-06-10 22:30:51,454 database.py:101 INFO succesful customer imports = 10 to db
2019-06-10 22:30:51,454 database.py:102 INFO succesful rental imports = 9 to db
2019-06-10 22:30:51,454 database.py:105 INFO product import errors = 0 to db
2019-06-10 22:30:51,454 database.py:106 INFO customer import errors = 0 to db
2019-06-10 22:30:51,454 database.py:107 INFO rental import errors = 0 to db
2019-06-10 22:30:51,455 database.py:159 INFO starting show_available_products method
2019-06-10 22:30:51,459 database.py:174 INFO available products = {'prd001': {'description': '60-inch TV stand', 'product_type': 'livingroom', 'quantity_available': '3'}, 'prd003': {'description': 'Acacia kitchen table', 'product_type': 'kitchen', 'quantity_available': '7'}, 'prd004': {'description': 'Queen bed', 'product_type': 'bedroom', 'quantity_available': '10'}, 'prd005': {'description': 'Reading lamp', 'product_type': 'bedroom', 'quantity_available': '20'}, 'prd006': {'description': 'Portable heater', 'product_type': 'bathroom', 'quantity_available': '14'}, 'prd008': {'description': 'Smart microwave', 'product_type': 'kitchen', 'quantity_available': '30'}, 'prd010': {'description': '60-inch TV', 'product_type': 'livingroom', 'quantity_available': '3'}}
2019-06-10 22:30:51,459 database.py:183 INFO starting show_rentals method
2019-06-10 22:30:51,465 database.py:202 INFO showing rentals that match "prd002" = {'user008': {'name': 'Shirlene Harris', 'address': '4329 Honeysuckle Lane', 'phone_number': '206-279-5340', 'email': 'harrisfamily@gmail.com'}, 'user005': {'name': 'Dan Sounders', 'address': '861 Honeysuckle Lane', 'phone_number': '206-279-1723', 'email': 'soundersoccer@mls.com'}}
2019-06-10 22:30:51,465 database.py:212 INFO starting drop data method
2019-06-10 22:30:51,562 database.py:69  INFO starting MongoDBConnection
2019-06-10 22:30:51,567 database.py:85  INFO importing data
2019-06-10 22:30:51,567 database.py:116 INFO reading product.1.csv data from /Users/Daniel/Library/Mobile Documents/com~apple~CloudDocs/Python_Cert/py220-online-201904-V2/students/Daniel_Carrasco/lesson10/assignment/src/
2019-06-10 22:30:51,568 database.py:130 INFO successfully read in data
2019-06-10 22:30:51,568 database.py:116 INFO reading customers.1.csv data from /Users/Daniel/Library/Mobile Documents/com~apple~CloudDocs/Python_Cert/py220-online-201904-V2/students/Daniel_Carrasco/lesson10/assignment/src/
2019-06-10 22:30:51,568 database.py:130 INFO successfully read in data
2019-06-10 22:30:51,569 database.py:116 INFO reading rental.1.csv data from /Users/Daniel/Library/Mobile Documents/com~apple~CloudDocs/Python_Cert/py220-online-201904-V2/students/Daniel_Carrasco/lesson10/assignment/src/
2019-06-10 22:30:51,569 database.py:130 INFO successfully read in data
2019-06-10 22:30:51,623 database.py:145 INFO no errors importing to Collection(Database(MongoClient(host=['127.0.0.1:27017'], document_class=dict, tz_aware=False, connect=True), 'HPNorton'), 'products') 
2019-06-10 22:30:51,676 database.py:145 INFO no errors importing to Collection(Database(MongoClient(host=['127.0.0.1:27017'], document_class=dict, tz_aware=False, connect=True), 'HPNorton'), 'customers') 
2019-06-10 22:30:51,728 database.py:145 INFO no errors importing to Collection(Database(MongoClient(host=['127.0.0.1:27017'], document_class=dict, tz_aware=False, connect=True), 'HPNorton'), 'rentals') 
2019-06-10 22:30:52,069 database.py:100 INFO succesful product imports = 20 to db
2019-06-10 22:30:52,069 database.py:101 INFO succesful customer imports = 20 to db
2019-06-10 22:30:52,069 database.py:102 INFO succesful rental imports = 18 to db
2019-06-10 22:30:52,069 database.py:105 INFO product import errors = 0 to db
2019-06-10 22:30:52,069 database.py:106 INFO customer import errors = 0 to db
2019-06-10 22:30:52,069 database.py:107 INFO rental import errors = 0 to db
2019-06-10 22:30:52,070 database.py:159 INFO starting show_available_products method
2019-06-10 22:30:52,073 database.py:174 INFO available products = {'prd001': {'description': '60-inch TV stand', 'product_type': 'livingroom', 'quantity_available': '3'}, 'prd003': {'description': 'Acacia kitchen table', 'product_type': 'kitchen', 'quantity_available': '7'}, 'prd004': {'description': 'Queen bed', 'product_type': 'bedroom', 'quantity_available': '10'}, 'prd005': {'description': 'Reading lamp', 'product_type': 'bedroom', 'quantity_available': '20'}, 'prd006': {'description': 'Portable heater', 'product_type': 'bathroom', 'quantity_available': '14'}, 'prd008': {'description': 'Smart microwave', 'product_type': 'kitchen', 'quantity_available': '30'}, 'prd010': {'description': '60-inch TV', 'product_type': 'livingroom', 'quantity_available': '3'}}
2019-06-10 22:30:52,074 database.py:183 INFO starting show_rentals method
2019-06-10 22:30:52,079 database.py:202 INFO showing rentals that match "prd002" = {'user008': {'name': 'Shirlene Harris', 'address': '4329 Honeysuckle Lane', 'phone_number': '206-279-5340', 'email': 'harrisfamily@gmail.com'}, 'user005': {'name': 'Dan Sounders', 'address': '861 Honeysuckle Lane', 'phone_number': '206-279-1723', 'email': 'soundersoccer@mls.com'}}
2019-06-10 22:30:52,080 database.py:212 INFO starting drop data method
2019-06-10 22:30:52,160 database.py:69  INFO starting MongoDBConnection
2019-06-10 22:30:52,165 database.py:85  INFO importing data
2019-06-10 22:30:52,165 database.py:116 INFO reading product.2.csv data from /Users/Daniel/Library/Mobile Documents/com~apple~CloudDocs/Python_Cert/py220-online-201904-V2/students/Daniel_Carrasco/lesson10/assignment/src/
2019-06-10 22:30:52,165 database.py:130 INFO successfully read in data
2019-06-10 22:30:52,166 database.py:116 INFO reading customers.2.csv data from /Users/Daniel/Library/Mobile Documents/com~apple~CloudDocs/Python_Cert/py220-online-201904-V2/students/Daniel_Carrasco/lesson10/assignment/src/
2019-06-10 22:30:52,166 database.py:130 INFO successfully read in data
2019-06-10 22:30:52,166 database.py:116 INFO reading rental.2.csv data from /Users/Daniel/Library/Mobile Documents/com~apple~CloudDocs/Python_Cert/py220-online-201904-V2/students/Daniel_Carrasco/lesson10/assignment/src/
2019-06-10 22:30:52,167 database.py:130 INFO successfully read in data
2019-06-10 22:30:52,218 database.py:145 INFO no errors importing to Collection(Database(MongoClient(host=['127.0.0.1:27017'], document_class=dict, tz_aware=False, connect=True), 'HPNorton'), 'products') 
2019-06-10 22:30:52,273 database.py:145 INFO no errors importing to Collection(Database(MongoClient(host=['127.0.0.1:27017'], document_class=dict, tz_aware=False, connect=True), 'HPNorton'), 'customers') 
2019-06-10 22:30:52,317 database.py:145 INFO no errors importing to Collection(Database(MongoClient(host=['127.0.0.1:27017'], document_class=dict, tz_aware=False, connect=True), 'HPNorton'), 'rentals') 
2019-06-10 22:30:52,672 database.py:100 INFO succesful product imports = 30 to db
2019-06-10 22:30:52,672 database.py:101 INFO succesful customer imports = 30 to db
2019-06-10 22:30:52,672 database.py:102 INFO succesful rental imports = 27 to db
2019-06-10 22:30:52,672 database.py:105 INFO product import errors = 0 to db
2019-06-10 22:30:52,673 database.py:106 INFO customer import errors = 0 to db
2019-06-10 22:30:52,673 database.py:107 INFO rental import errors = 0 to db
2019-06-10 22:30:52,673 database.py:159 INFO starting show_available_products method
2019-06-10 22:30:52,677 database.py:174 INFO available products = {'prd001': {'description': '60-inch TV stand', 'product_type': 'livingroom', 'quantity_available': '3'}, 'prd003': {'description': 'Acacia kitchen table', 'product_type': 'kitchen', 'quantity_available': '7'}, 'prd004': {'description': 'Queen bed', 'product_type': 'bedroom', 'quantity_available': '10'}, 'prd005': {'description': 'Reading lamp', 'product_type': 'bedroom', 'quantity_available': '20'}, 'prd006': {'description': 'Portable heater', 'product_type': 'bathroom', 'quantity_available': '14'}, 'prd008': {'description': 'Smart microwave', 'product_type': 'kitchen', 'quantity_available': '30'}, 'prd010': {'description': '60-inch TV', 'product_type': 'livingroom', 'quantity_available': '3'}}
2019-06-10 22:30:52,678 database.py:183 INFO starting show_rentals method
2019-06-10 22:30:52,687 database.py:202 INFO showing rentals that match "prd002" = {'user008': {'name': 'Shirlene Harris', 'address': '4329 Honeysuckle Lane', 'phone_number': '206-279-5340', 'email': 'harrisfamily@gmail.com'}, 'user005': {'name': 'Dan Sounders', 'address': '861 Honeysuckle Lane', 'phone_number': '206-279-1723', 'email': 'soundersoccer@mls.com'}}
2019-06-10 22:30:52,687 database.py:212 INFO starting drop data method
2019-06-10 22:33:31,451 database.py:69  INFO starting MongoDBConnection
2019-06-10 22:33:31,455 database.py:85  INFO importing data
2019-06-10 22:33:31,455 database.py:116 INFO reading product.csv data from /Users/Daniel/Library/Mobile Documents/com~apple~CloudDocs/Python_Cert/py220-online-201904-V2/students/Daniel_Carrasco/lesson10/assignment/src/
2019-06-10 22:33:31,456 database.py:130 INFO successfully read in data
2019-06-10 22:33:31,456 database.py:116 INFO reading customers.csv data from /Users/Daniel/Library/Mobile Documents/com~apple~CloudDocs/Python_Cert/py220-online-201904-V2/students/Daniel_Carrasco/lesson10/assignment/src/
2019-06-10 22:33:31,456 database.py:130 INFO successfully read in data
2019-06-10 22:33:31,457 database.py:116 INFO reading rental.csv data from /Users/Daniel/Library/Mobile Documents/com~apple~CloudDocs/Python_Cert/py220-online-201904-V2/students/Daniel_Carrasco/lesson10/assignment/src/
2019-06-10 22:33:31,457 database.py:130 INFO successfully read in data
2019-06-10 22:33:31,504 database.py:145 INFO no errors importing to Collection(Database(MongoClient(host=['127.0.0.1:27017'], document_class=dict, tz_aware=False, connect=True), 'HPNorton'), 'products') 
2019-06-10 22:33:31,556 database.py:145 INFO no errors importing to Collection(Database(MongoClient(host=['127.0.0.1:27017'], document_class=dict, tz_aware=False, connect=True), 'HPNorton'), 'customers') 
2019-06-10 22:33:31,608 database.py:145 INFO no errors importing to Collection(Database(MongoClient(host=['127.0.0.1:27017'], document_class=dict, tz_aware=False, connect=True), 'HPNorton'), 'rentals') 
2019-06-10 22:33:31,962 database.py:100 INFO succesful product imports = 10 to db
2019-06-10 22:33:31,962 database.py:101 INFO succesful customer imports = 10 to db
2019-06-10 22:33:31,962 database.py:102 INFO succesful rental imports = 9 to db
2019-06-10 22:33:31,962 database.py:105 INFO product import errors = 0 to db
2019-06-10 22:33:31,962 database.py:106 INFO customer import errors = 0 to db
2019-06-10 22:33:31,962 database.py:107 INFO rental import errors = 0 to db
2019-06-10 22:33:31,963 database.py:159 INFO starting show_available_products method
2019-06-10 22:33:31,967 database.py:174 INFO available products = {'prd001': {'description': '60-inch TV stand', 'product_type': 'livingroom', 'quantity_available': '3'}, 'prd003': {'description': 'Acacia kitchen table', 'product_type': 'kitchen', 'quantity_available': '7'}, 'prd004': {'description': 'Queen bed', 'product_type': 'bedroom', 'quantity_available': '10'}, 'prd005': {'description': 'Reading lamp', 'product_type': 'bedroom', 'quantity_available': '20'}, 'prd006': {'description': 'Portable heater', 'product_type': 'bathroom', 'quantity_available': '14'}, 'prd008': {'description': 'Smart microwave', 'product_type': 'kitchen', 'quantity_available': '30'}, 'prd010': {'description': '60-inch TV', 'product_type': 'livingroom', 'quantity_available': '3'}}
2019-06-10 22:33:31,967 database.py:183 INFO starting show_rentals method
2019-06-10 22:33:31,972 database.py:202 INFO showing rentals that match "prd002" = {'user008': {'name': 'Shirlene Harris', 'address': '4329 Honeysuckle Lane', 'phone_number': '206-279-5340', 'email': 'harrisfamily@gmail.com'}, 'user005': {'name': 'Dan Sounders', 'address': '861 Honeysuckle Lane', 'phone_number': '206-279-1723', 'email': 'soundersoccer@mls.com'}}
2019-06-10 22:33:31,973 database.py:212 INFO starting drop data method
2019-06-10 22:33:32,055 database.py:69  INFO starting MongoDBConnection
2019-06-10 22:33:32,062 database.py:85  INFO importing data
2019-06-10 22:33:32,064 database.py:116 INFO reading product.1.csv data from /Users/Daniel/Library/Mobile Documents/com~apple~CloudDocs/Python_Cert/py220-online-201904-V2/students/Daniel_Carrasco/lesson10/assignment/src/
2019-06-10 22:33:32,066 database.py:130 INFO successfully read in data
2019-06-10 22:33:32,068 database.py:116 INFO reading customers.1.csv data from /Users/Daniel/Library/Mobile Documents/com~apple~CloudDocs/Python_Cert/py220-online-201904-V2/students/Daniel_Carrasco/lesson10/assignment/src/
2019-06-10 22:33:32,068 database.py:130 INFO successfully read in data
2019-06-10 22:33:32,069 database.py:116 INFO reading rental.1.csv data from /Users/Daniel/Library/Mobile Documents/com~apple~CloudDocs/Python_Cert/py220-online-201904-V2/students/Daniel_Carrasco/lesson10/assignment/src/
2019-06-10 22:33:32,069 database.py:130 INFO successfully read in data
2019-06-10 22:33:32,132 database.py:145 INFO no errors importing to Collection(Database(MongoClient(host=['127.0.0.1:27017'], document_class=dict, tz_aware=False, connect=True), 'HPNorton'), 'products') 
2019-06-10 22:33:32,201 database.py:145 INFO no errors importing to Collection(Database(MongoClient(host=['127.0.0.1:27017'], document_class=dict, tz_aware=False, connect=True), 'HPNorton'), 'customers') 
2019-06-10 22:33:32,253 database.py:145 INFO no errors importing to Collection(Database(MongoClient(host=['127.0.0.1:27017'], document_class=dict, tz_aware=False, connect=True), 'HPNorton'), 'rentals') 
2019-06-10 22:33:32,569 database.py:100 INFO succesful product imports = 20 to db
2019-06-10 22:33:32,569 database.py:101 INFO succesful customer imports = 20 to db
2019-06-10 22:33:32,569 database.py:102 INFO succesful rental imports = 18 to db
2019-06-10 22:33:32,569 database.py:105 INFO product import errors = 0 to db
2019-06-10 22:33:32,570 database.py:106 INFO customer import errors = 0 to db
2019-06-10 22:33:32,570 database.py:107 INFO rental import errors = 0 to db
2019-06-10 22:33:32,570 database.py:159 INFO starting show_available_products method
2019-06-10 22:33:32,576 database.py:174 INFO available products = {'prd001': {'description': '60-inch TV stand', 'product_type': 'livingroom', 'quantity_available': '3'}, 'prd003': {'description': 'Acacia kitchen table', 'product_type': 'kitchen', 'quantity_available': '7'}, 'prd004': {'description': 'Queen bed', 'product_type': 'bedroom', 'quantity_available': '10'}, 'prd005': {'description': 'Reading lamp', 'product_type': 'bedroom', 'quantity_available': '20'}, 'prd006': {'description': 'Portable heater', 'product_type': 'bathroom', 'quantity_available': '14'}, 'prd008': {'description': 'Smart microwave', 'product_type': 'kitchen', 'quantity_available': '30'}, 'prd010': {'description': '60-inch TV', 'product_type': 'livingroom', 'quantity_available': '3'}}
2019-06-10 22:33:32,576 database.py:183 INFO starting show_rentals method
2019-06-10 22:33:32,591 database.py:202 INFO showing rentals that match "prd002" = {'user008': {'name': 'Shirlene Harris', 'address': '4329 Honeysuckle Lane', 'phone_number': '206-279-5340', 'email': 'harrisfamily@gmail.com'}, 'user005': {'name': 'Dan Sounders', 'address': '861 Honeysuckle Lane', 'phone_number': '206-279-1723', 'email': 'soundersoccer@mls.com'}}
2019-06-10 22:33:32,592 database.py:212 INFO starting drop data method
2019-06-10 22:33:32,685 database.py:69  INFO starting MongoDBConnection
2019-06-10 22:33:32,694 database.py:85  INFO importing data
2019-06-10 22:33:32,694 database.py:116 INFO reading product.2.csv data from /Users/Daniel/Library/Mobile Documents/com~apple~CloudDocs/Python_Cert/py220-online-201904-V2/students/Daniel_Carrasco/lesson10/assignment/src/
2019-06-10 22:33:32,697 database.py:130 INFO successfully read in data
2019-06-10 22:33:32,697 database.py:116 INFO reading customers.2.csv data from /Users/Daniel/Library/Mobile Documents/com~apple~CloudDocs/Python_Cert/py220-online-201904-V2/students/Daniel_Carrasco/lesson10/assignment/src/
2019-06-10 22:33:32,706 database.py:130 INFO successfully read in data
2019-06-10 22:33:32,707 database.py:116 INFO reading rental.2.csv data from /Users/Daniel/Library/Mobile Documents/com~apple~CloudDocs/Python_Cert/py220-online-201904-V2/students/Daniel_Carrasco/lesson10/assignment/src/
2019-06-10 22:33:32,710 database.py:130 INFO successfully read in data
2019-06-10 22:33:32,792 database.py:145 INFO no errors importing to Collection(Database(MongoClient(host=['127.0.0.1:27017'], document_class=dict, tz_aware=False, connect=True), 'HPNorton'), 'products') 
2019-06-10 22:33:32,882 database.py:145 INFO no errors importing to Collection(Database(MongoClient(host=['127.0.0.1:27017'], document_class=dict, tz_aware=False, connect=True), 'HPNorton'), 'customers') 
2019-06-10 22:33:32,953 database.py:145 INFO no errors importing to Collection(Database(MongoClient(host=['127.0.0.1:27017'], document_class=dict, tz_aware=False, connect=True), 'HPNorton'), 'rentals') 
2019-06-10 22:33:33,196 database.py:100 INFO succesful product imports = 480 to db
2019-06-10 22:33:33,196 database.py:101 INFO succesful customer imports = 480 to db
2019-06-10 22:33:33,196 database.py:102 INFO succesful rental imports = 432 to db
2019-06-10 22:33:33,196 database.py:105 INFO product import errors = 0 to db
2019-06-10 22:33:33,196 database.py:106 INFO customer import errors = 0 to db
2019-06-10 22:33:33,197 database.py:107 INFO rental import errors = 0 to db
2019-06-10 22:33:33,198 database.py:159 INFO starting show_available_products method
2019-06-10 22:33:33,208 database.py:174 INFO available products = {'prd001': {'description': '60-inch TV stand', 'product_type': 'livingroom', 'quantity_available': '3'}, 'prd003': {'description': 'Acacia kitchen table', 'product_type': 'kitchen', 'quantity_available': '7'}, 'prd004': {'description': 'Queen bed', 'product_type': 'bedroom', 'quantity_available': '10'}, 'prd005': {'description': 'Reading lamp', 'product_type': 'bedroom', 'quantity_available': '20'}, 'prd006': {'description': 'Portable heater', 'product_type': 'bathroom', 'quantity_available': '14'}, 'prd008': {'description': 'Smart microwave', 'product_type': 'kitchen', 'quantity_available': '30'}, 'prd010': {'description': '60-inch TV', 'product_type': 'livingroom', 'quantity_available': '3'}}
2019-06-10 22:33:33,208 database.py:183 INFO starting show_rentals method
2019-06-10 22:33:33,320 database.py:202 INFO showing rentals that match "prd002" = {'user008': {'name': 'Shirlene Harris', 'address': '4329 Honeysuckle Lane', 'phone_number': '206-279-5340', 'email': 'harrisfamily@gmail.com'}, 'user005': {'name': 'Dan Sounders', 'address': '861 Honeysuckle Lane', 'phone_number': '206-279-1723', 'email': 'soundersoccer@mls.com'}}
2019-06-10 22:33:33,321 database.py:212 INFO starting drop data method
2019-06-10 22:41:13,260 database.py:81  INFO starting MongoDBConnection
2019-06-10 22:41:13,266 database.py:97  INFO importing data
2019-06-10 22:41:13,266 database.py:129 INFO reading product.csv data from /Users/Daniel/Library/Mobile Documents/com~apple~CloudDocs/Python_Cert/py220-online-201904-V2/students/Daniel_Carrasco/lesson10/assignment/src/
2019-06-10 22:41:13,266 database.py:143 INFO successfully read in data
2019-06-10 22:41:13,267 database.py:129 INFO reading customers.csv data from /Users/Daniel/Library/Mobile Documents/com~apple~CloudDocs/Python_Cert/py220-online-201904-V2/students/Daniel_Carrasco/lesson10/assignment/src/
2019-06-10 22:41:13,267 database.py:143 INFO successfully read in data
2019-06-10 22:41:13,268 database.py:129 INFO reading rental.csv data from /Users/Daniel/Library/Mobile Documents/com~apple~CloudDocs/Python_Cert/py220-online-201904-V2/students/Daniel_Carrasco/lesson10/assignment/src/
2019-06-10 22:41:13,269 database.py:143 INFO successfully read in data
2019-06-10 22:41:13,328 database.py:157 INFO no errors importing to Collection(Database(MongoClient(host=['127.0.0.1:27017'], document_class=dict, tz_aware=False, connect=True), 'HPNorton'), 'products') 
2019-06-10 22:41:13,395 database.py:157 INFO no errors importing to Collection(Database(MongoClient(host=['127.0.0.1:27017'], document_class=dict, tz_aware=False, connect=True), 'HPNorton'), 'customers') 
2019-06-10 22:41:13,447 database.py:157 INFO no errors importing to Collection(Database(MongoClient(host=['127.0.0.1:27017'], document_class=dict, tz_aware=False, connect=True), 'HPNorton'), 'rentals') 
2019-06-10 22:41:13,769 database.py:114 INFO succesful product imports = 10 to db
2019-06-10 22:41:13,769 database.py:115 INFO succesful customer imports = 10 to db
2019-06-10 22:41:13,769 database.py:116 INFO succesful rental imports = 9 to db
2019-06-10 22:41:13,769 database.py:119 INFO product import errors = 0 to db
2019-06-10 22:41:13,769 database.py:120 INFO customer import errors = 0 to db
2019-06-10 22:41:13,769 database.py:121 INFO rental import errors = 0 to db
2019-06-10 22:41:13,774 database.py:171 INFO starting show_available_products method
2019-06-10 22:41:13,786 database.py:186 INFO available products = {'prd001': {'description': '60-inch TV stand', 'product_type': 'livingroom', 'quantity_available': '3'}, 'prd003': {'description': 'Acacia kitchen table', 'product_type': 'kitchen', 'quantity_available': '7'}, 'prd004': {'description': 'Queen bed', 'product_type': 'bedroom', 'quantity_available': '10'}, 'prd005': {'description': 'Reading lamp', 'product_type': 'bedroom', 'quantity_available': '20'}, 'prd006': {'description': 'Portable heater', 'product_type': 'bathroom', 'quantity_available': '14'}, 'prd008': {'description': 'Smart microwave', 'product_type': 'kitchen', 'quantity_available': '30'}, 'prd010': {'description': '60-inch TV', 'product_type': 'livingroom', 'quantity_available': '3'}}
2019-06-10 22:41:13,792 database.py:194 INFO starting show_rentals method
2019-06-10 22:41:13,809 database.py:213 INFO showing rentals that match "prd002" = {'user008': {'name': 'Shirlene Harris', 'address': '4329 Honeysuckle Lane', 'phone_number': '206-279-5340', 'email': 'harrisfamily@gmail.com'}, 'user005': {'name': 'Dan Sounders', 'address': '861 Honeysuckle Lane', 'phone_number': '206-279-1723', 'email': 'soundersoccer@mls.com'}}
