2019-05-13 18:44:57,803 database.py:44  INFO starting MongoDBConnection
2019-05-13 18:44:57,805 database.py:57  INFO importing data
2019-05-13 18:44:57,805 database.py:90  INFO reading product.csv data from ../data/
2019-05-13 18:44:57,806 database.py:104 INFO successfully read in data
2019-05-13 18:44:57,806 database.py:90  INFO reading customers.csv data from ../data/
2019-05-13 18:44:57,806 database.py:104 INFO successfully read in data
2019-05-13 18:44:57,807 database.py:90  INFO reading rental.csv data from ../data/
2019-05-13 18:44:57,807 database.py:104 INFO successfully read in data
2019-05-13 18:44:57,809 database.py:118 INFO no errors importing to Collection(Database(MongoClient(host=['127.0.0.1:27017'], document_class=dict, tz_aware=False, connect=True), 'HPNorton'), 'product') 
2019-05-13 18:44:57,810 database.py:118 INFO no errors importing to Collection(Database(MongoClient(host=['127.0.0.1:27017'], document_class=dict, tz_aware=False, connect=True), 'HPNorton'), 'customers') 
2019-05-13 18:44:57,811 database.py:118 INFO no errors importing to Collection(Database(MongoClient(host=['127.0.0.1:27017'], document_class=dict, tz_aware=False, connect=True), 'HPNorton'), 'rental') 
2019-05-13 18:44:57,812 database.py:68  INFO succesful product imports = 1 to db
2019-05-13 18:44:57,812 database.py:69  INFO succesful customer imports = 1 to db
2019-05-13 18:44:57,812 database.py:70  INFO succesful rental imports = 1 to db
2019-05-13 18:44:57,812 database.py:73  INFO product import errors = 0 to db
2019-05-13 18:44:57,813 database.py:74  INFO customer import errors = 0 to db
2019-05-13 18:44:57,813 database.py:75  INFO rental import errors = 0 to db
2019-05-13 18:44:57,813 database.py:138 INFO starting show_available_products method
2019-05-13 18:47:13,838 database.py:44  INFO starting MongoDBConnection
2019-05-13 18:47:13,840 database.py:57  INFO importing data
2019-05-13 18:47:13,840 database.py:90  INFO reading product.csv data from ../data/
2019-05-13 18:47:13,840 database.py:104 INFO successfully read in data
2019-05-13 18:47:13,841 database.py:90  INFO reading customers.csv data from ../data/
2019-05-13 18:47:13,841 database.py:104 INFO successfully read in data
2019-05-13 18:47:13,841 database.py:90  INFO reading rental.csv data from ../data/
2019-05-13 18:47:13,842 database.py:104 INFO successfully read in data
2019-05-13 18:47:13,844 database.py:118 INFO no errors importing to Collection(Database(MongoClient(host=['127.0.0.1:27017'], document_class=dict, tz_aware=False, connect=True), 'HPNorton'), 'product') 
2019-05-13 18:47:13,844 database.py:118 INFO no errors importing to Collection(Database(MongoClient(host=['127.0.0.1:27017'], document_class=dict, tz_aware=False, connect=True), 'HPNorton'), 'customers') 
2019-05-13 18:47:13,845 database.py:118 INFO no errors importing to Collection(Database(MongoClient(host=['127.0.0.1:27017'], document_class=dict, tz_aware=False, connect=True), 'HPNorton'), 'rental') 
2019-05-13 18:47:13,846 database.py:68  INFO succesful product imports = 1 to db
2019-05-13 18:47:13,846 database.py:69  INFO succesful customer imports = 1 to db
2019-05-13 18:47:13,846 database.py:70  INFO succesful rental imports = 1 to db
2019-05-13 18:47:13,846 database.py:73  INFO product import errors = 0 to db
2019-05-13 18:47:13,846 database.py:74  INFO customer import errors = 0 to db
2019-05-13 18:47:13,846 database.py:75  INFO rental import errors = 0 to db
2019-05-13 18:47:13,846 database.py:138 INFO starting show_available_products method
2019-05-13 18:47:27,570 database.py:44  INFO starting MongoDBConnection
2019-05-13 18:47:27,571 database.py:57  INFO importing data
2019-05-13 18:47:27,572 database.py:90  INFO reading product.csv data from ../data/
2019-05-13 18:47:27,572 database.py:104 INFO successfully read in data
2019-05-13 18:47:27,572 database.py:90  INFO reading customers.csv data from ../data/
2019-05-13 18:47:27,573 database.py:104 INFO successfully read in data
2019-05-13 18:47:27,573 database.py:90  INFO reading rental.csv data from ../data/
2019-05-13 18:47:27,573 database.py:104 INFO successfully read in data
2019-05-13 18:47:27,575 database.py:118 INFO no errors importing to Collection(Database(MongoClient(host=['127.0.0.1:27017'], document_class=dict, tz_aware=False, connect=True), 'HPNorton'), 'product') 
2019-05-13 18:47:27,576 database.py:118 INFO no errors importing to Collection(Database(MongoClient(host=['127.0.0.1:27017'], document_class=dict, tz_aware=False, connect=True), 'HPNorton'), 'customers') 
2019-05-13 18:47:27,577 database.py:118 INFO no errors importing to Collection(Database(MongoClient(host=['127.0.0.1:27017'], document_class=dict, tz_aware=False, connect=True), 'HPNorton'), 'rental') 
2019-05-13 18:47:27,578 database.py:68  INFO succesful product imports = 1 to db
2019-05-13 18:47:27,578 database.py:69  INFO succesful customer imports = 1 to db
2019-05-13 18:47:27,578 database.py:70  INFO succesful rental imports = 1 to db
2019-05-13 18:47:27,578 database.py:73  INFO product import errors = 0 to db
2019-05-13 18:47:27,578 database.py:74  INFO customer import errors = 0 to db
2019-05-13 18:47:27,578 database.py:75  INFO rental import errors = 0 to db
2019-05-13 18:47:27,578 database.py:138 INFO starting show_available_products method
2019-05-13 18:49:15,177 database.py:44  INFO starting MongoDBConnection
2019-05-13 18:49:15,178 database.py:57  INFO importing data
2019-05-13 18:49:15,178 database.py:90  INFO reading product.csv data from ../data/
2019-05-13 18:49:15,179 database.py:104 INFO successfully read in data
2019-05-13 18:49:15,179 database.py:90  INFO reading customers.csv data from ../data/
2019-05-13 18:49:15,180 database.py:104 INFO successfully read in data
2019-05-13 18:49:15,180 database.py:90  INFO reading rental.csv data from ../data/
2019-05-13 18:49:15,180 database.py:104 INFO successfully read in data
2019-05-13 18:49:15,182 database.py:118 INFO no errors importing to Collection(Database(MongoClient(host=['127.0.0.1:27017'], document_class=dict, tz_aware=False, connect=True), 'HPNorton'), 'product') 
2019-05-13 18:49:15,184 database.py:118 INFO no errors importing to Collection(Database(MongoClient(host=['127.0.0.1:27017'], document_class=dict, tz_aware=False, connect=True), 'HPNorton'), 'customers') 
2019-05-13 18:49:15,184 database.py:118 INFO no errors importing to Collection(Database(MongoClient(host=['127.0.0.1:27017'], document_class=dict, tz_aware=False, connect=True), 'HPNorton'), 'rental') 
2019-05-13 18:49:15,185 database.py:68  INFO succesful product imports = 1 to db
2019-05-13 18:49:15,185 database.py:69  INFO succesful customer imports = 1 to db
2019-05-13 18:49:15,185 database.py:70  INFO succesful rental imports = 1 to db
2019-05-13 18:49:15,185 database.py:73  INFO product import errors = 0 to db
2019-05-13 18:49:15,185 database.py:74  INFO customer import errors = 0 to db
2019-05-13 18:49:15,186 database.py:75  INFO rental import errors = 0 to db
2019-05-13 18:49:15,186 database.py:138 INFO starting show_available_products method
2019-05-13 18:50:52,729 database.py:44  INFO starting MongoDBConnection
2019-05-13 18:50:52,730 database.py:57  INFO importing data
2019-05-13 18:50:52,730 database.py:90  INFO reading product.csv data from ../data/
2019-05-13 18:50:52,731 database.py:104 INFO successfully read in data
2019-05-13 18:50:52,731 database.py:90  INFO reading customers.csv data from ../data/
2019-05-13 18:50:52,732 database.py:104 INFO successfully read in data
2019-05-13 18:50:52,732 database.py:90  INFO reading rental.csv data from ../data/
2019-05-13 18:50:52,732 database.py:104 INFO successfully read in data
2019-05-13 18:50:52,784 database.py:118 INFO no errors importing to Collection(Database(MongoClient(host=['127.0.0.1:27017'], document_class=dict, tz_aware=False, connect=True), 'HPNorton'), 'products') 
2019-05-13 18:50:52,788 database.py:118 INFO no errors importing to Collection(Database(MongoClient(host=['127.0.0.1:27017'], document_class=dict, tz_aware=False, connect=True), 'HPNorton'), 'customers') 
2019-05-13 18:50:52,838 database.py:118 INFO no errors importing to Collection(Database(MongoClient(host=['127.0.0.1:27017'], document_class=dict, tz_aware=False, connect=True), 'HPNorton'), 'rentals') 
2019-05-13 18:50:52,842 database.py:68  INFO succesful product imports = 1 to db
2019-05-13 18:50:52,842 database.py:69  INFO succesful customer imports = 1 to db
2019-05-13 18:50:52,842 database.py:70  INFO succesful rental imports = 1 to db
2019-05-13 18:50:52,842 database.py:73  INFO product import errors = 0 to db
2019-05-13 18:50:52,842 database.py:74  INFO customer import errors = 0 to db
2019-05-13 18:50:52,842 database.py:75  INFO rental import errors = 0 to db
2019-05-13 18:50:52,842 database.py:138 INFO starting show_available_products method
2019-05-13 18:54:11,981 database.py:44  INFO starting MongoDBConnection
2019-05-13 18:54:11,983 database.py:57  INFO importing data
2019-05-13 18:54:11,983 database.py:90  INFO reading product.csv data from ../data/
2019-05-13 18:54:11,983 database.py:104 INFO successfully read in data
2019-05-13 18:54:11,984 database.py:90  INFO reading customers.csv data from ../data/
2019-05-13 18:54:11,984 database.py:104 INFO successfully read in data
2019-05-13 18:54:11,984 database.py:90  INFO reading rental.csv data from ../data/
2019-05-13 18:54:11,984 database.py:104 INFO successfully read in data
2019-05-13 18:54:11,986 database.py:118 INFO no errors importing to Collection(Database(MongoClient(host=['127.0.0.1:27017'], document_class=dict, tz_aware=False, connect=True), 'HPNorton'), 'products') 
2019-05-13 18:54:11,987 database.py:118 INFO no errors importing to Collection(Database(MongoClient(host=['127.0.0.1:27017'], document_class=dict, tz_aware=False, connect=True), 'HPNorton'), 'customers') 
2019-05-13 18:54:11,988 database.py:118 INFO no errors importing to Collection(Database(MongoClient(host=['127.0.0.1:27017'], document_class=dict, tz_aware=False, connect=True), 'HPNorton'), 'rentals') 
2019-05-13 18:54:11,988 database.py:68  INFO succesful product imports = 1 to db
2019-05-13 18:54:11,989 database.py:69  INFO succesful customer imports = 1 to db
2019-05-13 18:54:11,989 database.py:70  INFO succesful rental imports = 1 to db
2019-05-13 18:54:11,989 database.py:73  INFO product import errors = 0 to db
2019-05-13 18:54:11,989 database.py:74  INFO customer import errors = 0 to db
2019-05-13 18:54:11,989 database.py:75  INFO rental import errors = 0 to db
2019-05-13 18:54:11,989 database.py:138 INFO starting show_available_products method
2019-05-13 18:54:11,993 database.py:148 INFO starting drop data method
2019-05-13 18:54:39,100 database.py:44  INFO starting MongoDBConnection
2019-05-13 18:54:39,102 database.py:57  INFO importing data
2019-05-13 18:54:39,102 database.py:90  INFO reading product.csv data from ../data/
2019-05-13 18:54:39,102 database.py:104 INFO successfully read in data
2019-05-13 18:54:39,103 database.py:90  INFO reading customers.csv data from ../data/
2019-05-13 18:54:39,103 database.py:104 INFO successfully read in data
2019-05-13 18:54:39,103 database.py:90  INFO reading rental.csv data from ../data/
2019-05-13 18:54:39,103 database.py:104 INFO successfully read in data
2019-05-13 18:54:39,153 database.py:118 INFO no errors importing to Collection(Database(MongoClient(host=['127.0.0.1:27017'], document_class=dict, tz_aware=False, connect=True), 'HPNorton'), 'products') 
2019-05-13 18:54:39,157 database.py:118 INFO no errors importing to Collection(Database(MongoClient(host=['127.0.0.1:27017'], document_class=dict, tz_aware=False, connect=True), 'HPNorton'), 'customers') 
2019-05-13 18:54:39,158 database.py:118 INFO no errors importing to Collection(Database(MongoClient(host=['127.0.0.1:27017'], document_class=dict, tz_aware=False, connect=True), 'HPNorton'), 'rentals') 
2019-05-13 18:54:39,159 database.py:68  INFO succesful product imports = 1 to db
2019-05-13 18:54:39,159 database.py:69  INFO succesful customer imports = 1 to db
2019-05-13 18:54:39,159 database.py:70  INFO succesful rental imports = 1 to db
2019-05-13 18:54:39,159 database.py:73  INFO product import errors = 0 to db
2019-05-13 18:54:39,159 database.py:74  INFO customer import errors = 0 to db
2019-05-13 18:54:39,159 database.py:75  INFO rental import errors = 0 to db
2019-05-13 18:54:39,159 database.py:138 INFO starting show_available_products method
2019-05-13 18:54:39,164 database.py:148 INFO starting drop data method
2019-05-13 18:55:11,984 database.py:44  INFO starting MongoDBConnection
2019-05-13 18:55:11,985 database.py:57  INFO importing data
2019-05-13 18:55:11,986 database.py:90  INFO reading product.csv data from ../data/
2019-05-13 18:55:11,986 database.py:104 INFO successfully read in data
2019-05-13 18:55:11,986 database.py:90  INFO reading customers.csv data from ../data/
2019-05-13 18:55:11,987 database.py:104 INFO successfully read in data
2019-05-13 18:55:11,987 database.py:90  INFO reading rental.csv data from ../data/
2019-05-13 18:55:11,987 database.py:104 INFO successfully read in data
2019-05-13 18:55:12,036 database.py:118 INFO no errors importing to Collection(Database(MongoClient(host=['127.0.0.1:27017'], document_class=dict, tz_aware=False, connect=True), 'HPNorton'), 'products') 
2019-05-13 18:55:12,090 database.py:118 INFO no errors importing to Collection(Database(MongoClient(host=['127.0.0.1:27017'], document_class=dict, tz_aware=False, connect=True), 'HPNorton'), 'customers') 
2019-05-13 18:55:12,094 database.py:118 INFO no errors importing to Collection(Database(MongoClient(host=['127.0.0.1:27017'], document_class=dict, tz_aware=False, connect=True), 'HPNorton'), 'rentals') 
2019-05-13 18:55:12,094 database.py:68  INFO succesful product imports = 1 to db
2019-05-13 18:55:12,094 database.py:69  INFO succesful customer imports = 1 to db
2019-05-13 18:55:12,095 database.py:70  INFO succesful rental imports = 1 to db
2019-05-13 18:55:12,095 database.py:73  INFO product import errors = 0 to db
2019-05-13 18:55:12,095 database.py:74  INFO customer import errors = 0 to db
2019-05-13 18:55:12,095 database.py:75  INFO rental import errors = 0 to db
2019-05-13 18:55:12,095 database.py:138 INFO starting show_available_products method
2019-05-13 18:55:12,099 database.py:148 INFO starting drop data method
2019-05-13 19:05:05,745 database.py:44  INFO starting MongoDBConnection
2019-05-13 19:05:05,747 database.py:57  INFO importing data
2019-05-13 19:05:05,747 database.py:90  INFO reading product.csv data from ../data/
2019-05-13 19:05:05,748 database.py:104 INFO successfully read in data
2019-05-13 19:05:05,748 database.py:90  INFO reading customers.csv data from ../data/
2019-05-13 19:05:05,749 database.py:104 INFO successfully read in data
2019-05-13 19:05:05,749 database.py:90  INFO reading rental.csv data from ../data/
2019-05-13 19:05:05,750 database.py:104 INFO successfully read in data
2019-05-13 19:05:05,801 database.py:118 INFO no errors importing to Collection(Database(MongoClient(host=['127.0.0.1:27017'], document_class=dict, tz_aware=False, connect=True), 'HPNorton'), 'products') 
2019-05-13 19:05:05,853 database.py:118 INFO no errors importing to Collection(Database(MongoClient(host=['127.0.0.1:27017'], document_class=dict, tz_aware=False, connect=True), 'HPNorton'), 'customers') 
2019-05-13 19:05:05,907 database.py:118 INFO no errors importing to Collection(Database(MongoClient(host=['127.0.0.1:27017'], document_class=dict, tz_aware=False, connect=True), 'HPNorton'), 'rentals') 
2019-05-13 19:05:05,910 database.py:68  INFO succesful product imports = 1 to db
2019-05-13 19:05:05,910 database.py:69  INFO succesful customer imports = 1 to db
2019-05-13 19:05:05,910 database.py:70  INFO succesful rental imports = 1 to db
2019-05-13 19:05:05,910 database.py:73  INFO product import errors = 0 to db
2019-05-13 19:05:05,910 database.py:74  INFO customer import errors = 0 to db
2019-05-13 19:05:05,910 database.py:75  INFO rental import errors = 0 to db
2019-05-13 19:05:05,911 database.py:138 INFO starting show_available_products method
2019-05-13 19:05:05,914 database.py:152 INFO starting drop data method
2019-05-13 19:05:38,116 database.py:44  INFO starting MongoDBConnection
2019-05-13 19:05:38,120 database.py:57  INFO importing data
2019-05-13 19:05:38,120 database.py:90  INFO reading product.csv data from ../data/
2019-05-13 19:05:38,121 database.py:104 INFO successfully read in data
2019-05-13 19:05:38,121 database.py:90  INFO reading customers.csv data from ../data/
2019-05-13 19:05:38,122 database.py:104 INFO successfully read in data
2019-05-13 19:05:38,122 database.py:90  INFO reading rental.csv data from ../data/
2019-05-13 19:05:38,122 database.py:104 INFO successfully read in data
2019-05-13 19:05:38,171 database.py:118 INFO no errors importing to Collection(Database(MongoClient(host=['127.0.0.1:27017'], document_class=dict, tz_aware=False, connect=True), 'HPNorton'), 'products') 
2019-05-13 19:05:38,230 database.py:118 INFO no errors importing to Collection(Database(MongoClient(host=['127.0.0.1:27017'], document_class=dict, tz_aware=False, connect=True), 'HPNorton'), 'customers') 
2019-05-13 19:05:38,277 database.py:118 INFO no errors importing to Collection(Database(MongoClient(host=['127.0.0.1:27017'], document_class=dict, tz_aware=False, connect=True), 'HPNorton'), 'rentals') 
2019-05-13 19:05:38,279 database.py:68  INFO succesful product imports = 1 to db
2019-05-13 19:05:38,279 database.py:69  INFO succesful customer imports = 1 to db
2019-05-13 19:05:38,279 database.py:70  INFO succesful rental imports = 1 to db
2019-05-13 19:05:38,279 database.py:73  INFO product import errors = 0 to db
2019-05-13 19:05:38,279 database.py:74  INFO customer import errors = 0 to db
2019-05-13 19:05:38,279 database.py:75  INFO rental import errors = 0 to db
2019-05-13 19:05:38,280 database.py:138 INFO starting show_available_products method
2019-05-13 19:05:38,284 database.py:151 INFO starting drop data method
2019-05-13 19:06:07,750 database.py:44  INFO starting MongoDBConnection
2019-05-13 19:06:07,752 database.py:57  INFO importing data
2019-05-13 19:06:07,752 database.py:90  INFO reading product.csv data from ../data/
2019-05-13 19:06:07,752 database.py:104 INFO successfully read in data
2019-05-13 19:06:07,753 database.py:90  INFO reading customers.csv data from ../data/
2019-05-13 19:06:07,753 database.py:104 INFO successfully read in data
2019-05-13 19:06:07,753 database.py:90  INFO reading rental.csv data from ../data/
2019-05-13 19:06:07,754 database.py:104 INFO successfully read in data
2019-05-13 19:06:07,813 database.py:118 INFO no errors importing to Collection(Database(MongoClient(host=['127.0.0.1:27017'], document_class=dict, tz_aware=False, connect=True), 'HPNorton'), 'products') 
2019-05-13 19:06:07,878 database.py:118 INFO no errors importing to Collection(Database(MongoClient(host=['127.0.0.1:27017'], document_class=dict, tz_aware=False, connect=True), 'HPNorton'), 'customers') 
2019-05-13 19:06:07,932 database.py:118 INFO no errors importing to Collection(Database(MongoClient(host=['127.0.0.1:27017'], document_class=dict, tz_aware=False, connect=True), 'HPNorton'), 'rentals') 
2019-05-13 19:06:07,934 database.py:68  INFO succesful product imports = 1 to db
2019-05-13 19:06:07,934 database.py:69  INFO succesful customer imports = 1 to db
2019-05-13 19:06:07,934 database.py:70  INFO succesful rental imports = 1 to db
2019-05-13 19:06:07,934 database.py:73  INFO product import errors = 0 to db
2019-05-13 19:06:07,934 database.py:74  INFO customer import errors = 0 to db
2019-05-13 19:06:07,934 database.py:75  INFO rental import errors = 0 to db
2019-05-13 19:06:07,935 database.py:138 INFO starting show_available_products method
2019-05-13 19:06:19,629 database.py:44  INFO starting MongoDBConnection
2019-05-13 19:06:19,630 database.py:57  INFO importing data
2019-05-13 19:06:19,630 database.py:90  INFO reading product.csv data from ../data/
2019-05-13 19:06:19,631 database.py:104 INFO successfully read in data
2019-05-13 19:06:19,631 database.py:90  INFO reading customers.csv data from ../data/
2019-05-13 19:06:19,632 database.py:104 INFO successfully read in data
2019-05-13 19:06:19,632 database.py:90  INFO reading rental.csv data from ../data/
2019-05-13 19:06:19,632 database.py:104 INFO successfully read in data
2019-05-13 19:06:19,634 database.py:118 INFO no errors importing to Collection(Database(MongoClient(host=['127.0.0.1:27017'], document_class=dict, tz_aware=False, connect=True), 'HPNorton'), 'products') 
2019-05-13 19:06:19,635 database.py:118 INFO no errors importing to Collection(Database(MongoClient(host=['127.0.0.1:27017'], document_class=dict, tz_aware=False, connect=True), 'HPNorton'), 'customers') 
2019-05-13 19:06:19,636 database.py:118 INFO no errors importing to Collection(Database(MongoClient(host=['127.0.0.1:27017'], document_class=dict, tz_aware=False, connect=True), 'HPNorton'), 'rentals') 
2019-05-13 19:06:19,636 database.py:68  INFO succesful product imports = 1 to db
2019-05-13 19:06:19,636 database.py:69  INFO succesful customer imports = 1 to db
2019-05-13 19:06:19,636 database.py:70  INFO succesful rental imports = 1 to db
2019-05-13 19:06:19,636 database.py:73  INFO product import errors = 0 to db
2019-05-13 19:06:19,636 database.py:74  INFO customer import errors = 0 to db
2019-05-13 19:06:19,637 database.py:75  INFO rental import errors = 0 to db
2019-05-13 19:06:19,637 database.py:138 INFO starting show_available_products method
2019-05-13 19:06:46,284 database.py:44  INFO starting MongoDBConnection
2019-05-13 19:06:46,285 database.py:57  INFO importing data
2019-05-13 19:06:46,285 database.py:90  INFO reading product.csv data from ../data/
2019-05-13 19:06:46,286 database.py:104 INFO successfully read in data
2019-05-13 19:06:46,286 database.py:90  INFO reading customers.csv data from ../data/
2019-05-13 19:06:46,287 database.py:104 INFO successfully read in data
2019-05-13 19:06:46,287 database.py:90  INFO reading rental.csv data from ../data/
2019-05-13 19:06:46,287 database.py:104 INFO successfully read in data
2019-05-13 19:06:46,289 database.py:118 INFO no errors importing to Collection(Database(MongoClient(host=['127.0.0.1:27017'], document_class=dict, tz_aware=False, connect=True), 'HPNorton'), 'products') 
2019-05-13 19:06:46,289 database.py:118 INFO no errors importing to Collection(Database(MongoClient(host=['127.0.0.1:27017'], document_class=dict, tz_aware=False, connect=True), 'HPNorton'), 'customers') 
2019-05-13 19:06:46,290 database.py:118 INFO no errors importing to Collection(Database(MongoClient(host=['127.0.0.1:27017'], document_class=dict, tz_aware=False, connect=True), 'HPNorton'), 'rentals') 
2019-05-13 19:06:46,291 database.py:68  INFO succesful product imports = 1 to db
2019-05-13 19:06:46,291 database.py:69  INFO succesful customer imports = 1 to db
2019-05-13 19:06:46,291 database.py:70  INFO succesful rental imports = 1 to db
2019-05-13 19:06:46,291 database.py:73  INFO product import errors = 0 to db
2019-05-13 19:06:46,291 database.py:74  INFO customer import errors = 0 to db
2019-05-13 19:06:46,291 database.py:75  INFO rental import errors = 0 to db
2019-05-13 19:06:46,292 database.py:138 INFO starting show_available_products method
2019-05-13 19:06:53,006 database.py:44  INFO starting MongoDBConnection
2019-05-13 19:06:53,008 database.py:57  INFO importing data
2019-05-13 19:06:53,008 database.py:90  INFO reading product.csv data from ../data/
2019-05-13 19:06:53,008 database.py:104 INFO successfully read in data
2019-05-13 19:06:53,009 database.py:90  INFO reading customers.csv data from ../data/
2019-05-13 19:06:53,009 database.py:104 INFO successfully read in data
2019-05-13 19:06:53,009 database.py:90  INFO reading rental.csv data from ../data/
2019-05-13 19:06:53,009 database.py:104 INFO successfully read in data
2019-05-13 19:06:53,011 database.py:118 INFO no errors importing to Collection(Database(MongoClient(host=['127.0.0.1:27017'], document_class=dict, tz_aware=False, connect=True), 'HPNorton'), 'products') 
2019-05-13 19:06:53,012 database.py:118 INFO no errors importing to Collection(Database(MongoClient(host=['127.0.0.1:27017'], document_class=dict, tz_aware=False, connect=True), 'HPNorton'), 'customers') 
2019-05-13 19:06:53,013 database.py:118 INFO no errors importing to Collection(Database(MongoClient(host=['127.0.0.1:27017'], document_class=dict, tz_aware=False, connect=True), 'HPNorton'), 'rentals') 
2019-05-13 19:06:53,013 database.py:68  INFO succesful product imports = 1 to db
2019-05-13 19:06:53,014 database.py:69  INFO succesful customer imports = 1 to db
2019-05-13 19:06:53,014 database.py:70  INFO succesful rental imports = 1 to db
2019-05-13 19:06:53,014 database.py:73  INFO product import errors = 0 to db
2019-05-13 19:06:53,014 database.py:74  INFO customer import errors = 0 to db
2019-05-13 19:06:53,014 database.py:75  INFO rental import errors = 0 to db
2019-05-13 19:06:53,014 database.py:138 INFO starting show_available_products method
2019-05-13 19:07:13,811 database.py:44  INFO starting MongoDBConnection
2019-05-13 19:07:13,813 database.py:57  INFO importing data
2019-05-13 19:07:13,813 database.py:90  INFO reading product.csv data from ../data/
2019-05-13 19:07:13,814 database.py:104 INFO successfully read in data
2019-05-13 19:07:13,814 database.py:90  INFO reading customers.csv data from ../data/
2019-05-13 19:07:13,814 database.py:104 INFO successfully read in data
2019-05-13 19:07:13,815 database.py:90  INFO reading rental.csv data from ../data/
2019-05-13 19:07:13,815 database.py:104 INFO successfully read in data
2019-05-13 19:07:13,816 database.py:118 INFO no errors importing to Collection(Database(MongoClient(host=['127.0.0.1:27017'], document_class=dict, tz_aware=False, connect=True), 'HPNorton'), 'products') 
2019-05-13 19:07:13,817 database.py:118 INFO no errors importing to Collection(Database(MongoClient(host=['127.0.0.1:27017'], document_class=dict, tz_aware=False, connect=True), 'HPNorton'), 'customers') 
2019-05-13 19:07:13,818 database.py:118 INFO no errors importing to Collection(Database(MongoClient(host=['127.0.0.1:27017'], document_class=dict, tz_aware=False, connect=True), 'HPNorton'), 'rentals') 
2019-05-13 19:07:13,819 database.py:68  INFO succesful product imports = 1 to db
2019-05-13 19:07:13,819 database.py:69  INFO succesful customer imports = 1 to db
2019-05-13 19:07:13,819 database.py:70  INFO succesful rental imports = 1 to db
2019-05-13 19:07:13,819 database.py:73  INFO product import errors = 0 to db
2019-05-13 19:07:13,819 database.py:74  INFO customer import errors = 0 to db
2019-05-13 19:07:13,819 database.py:75  INFO rental import errors = 0 to db
2019-05-13 19:07:13,819 database.py:138 INFO starting show_available_products method
2019-05-13 19:07:13,824 database.py:148 INFO starting drop data method
2019-05-13 19:07:40,228 database.py:44  INFO starting MongoDBConnection
2019-05-13 19:07:40,230 database.py:57  INFO importing data
2019-05-13 19:07:40,230 database.py:90  INFO reading product.csv data from ../data/
2019-05-13 19:07:40,231 database.py:104 INFO successfully read in data
2019-05-13 19:07:40,231 database.py:90  INFO reading customers.csv data from ../data/
2019-05-13 19:07:40,231 database.py:104 INFO successfully read in data
2019-05-13 19:07:40,232 database.py:90  INFO reading rental.csv data from ../data/
2019-05-13 19:07:40,232 database.py:104 INFO successfully read in data
2019-05-13 19:07:40,293 database.py:118 INFO no errors importing to Collection(Database(MongoClient(host=['127.0.0.1:27017'], document_class=dict, tz_aware=False, connect=True), 'HPNorton'), 'products') 
2019-05-13 19:07:40,342 database.py:118 INFO no errors importing to Collection(Database(MongoClient(host=['127.0.0.1:27017'], document_class=dict, tz_aware=False, connect=True), 'HPNorton'), 'customers') 
2019-05-13 19:07:40,402 database.py:118 INFO no errors importing to Collection(Database(MongoClient(host=['127.0.0.1:27017'], document_class=dict, tz_aware=False, connect=True), 'HPNorton'), 'rentals') 
2019-05-13 19:07:40,405 database.py:68  INFO succesful product imports = 1 to db
2019-05-13 19:07:40,405 database.py:69  INFO succesful customer imports = 1 to db
2019-05-13 19:07:40,405 database.py:70  INFO succesful rental imports = 1 to db
2019-05-13 19:07:40,405 database.py:73  INFO product import errors = 0 to db
2019-05-13 19:07:40,405 database.py:74  INFO customer import errors = 0 to db
2019-05-13 19:07:40,405 database.py:75  INFO rental import errors = 0 to db
2019-05-13 19:07:40,406 database.py:138 INFO starting show_available_products method
2019-05-13 19:07:40,410 database.py:148 INFO starting drop data method
2019-05-13 19:08:00,372 database.py:44  INFO starting MongoDBConnection
2019-05-13 19:08:00,374 database.py:57  INFO importing data
2019-05-13 19:08:00,374 database.py:90  INFO reading product.csv data from ../data/
2019-05-13 19:08:00,375 database.py:104 INFO successfully read in data
2019-05-13 19:08:00,375 database.py:90  INFO reading customers.csv data from ../data/
2019-05-13 19:08:00,375 database.py:104 INFO successfully read in data
2019-05-13 19:08:00,376 database.py:90  INFO reading rental.csv data from ../data/
2019-05-13 19:08:00,376 database.py:104 INFO successfully read in data
2019-05-13 19:08:00,427 database.py:118 INFO no errors importing to Collection(Database(MongoClient(host=['127.0.0.1:27017'], document_class=dict, tz_aware=False, connect=True), 'HPNorton'), 'products') 
2019-05-13 19:08:00,475 database.py:118 INFO no errors importing to Collection(Database(MongoClient(host=['127.0.0.1:27017'], document_class=dict, tz_aware=False, connect=True), 'HPNorton'), 'customers') 
2019-05-13 19:08:00,527 database.py:118 INFO no errors importing to Collection(Database(MongoClient(host=['127.0.0.1:27017'], document_class=dict, tz_aware=False, connect=True), 'HPNorton'), 'rentals') 
2019-05-13 19:08:00,529 database.py:68  INFO succesful product imports = 1 to db
2019-05-13 19:08:00,529 database.py:69  INFO succesful customer imports = 1 to db
2019-05-13 19:08:00,529 database.py:70  INFO succesful rental imports = 1 to db
2019-05-13 19:08:00,529 database.py:73  INFO product import errors = 0 to db
2019-05-13 19:08:00,529 database.py:74  INFO customer import errors = 0 to db
2019-05-13 19:08:00,530 database.py:75  INFO rental import errors = 0 to db
2019-05-13 19:08:00,530 database.py:138 INFO starting show_available_products method
2019-05-13 19:08:00,538 database.py:148 INFO starting drop data method
2019-05-13 19:11:37,840 database.py:44  INFO starting MongoDBConnection
2019-05-13 19:11:37,841 database.py:57  INFO importing data
2019-05-13 19:11:37,841 database.py:90  INFO reading product.csv data from ../data/
2019-05-13 19:11:37,842 database.py:104 INFO successfully read in data
2019-05-13 19:11:37,842 database.py:90  INFO reading customers.csv data from ../data/
2019-05-13 19:11:37,843 database.py:104 INFO successfully read in data
2019-05-13 19:11:37,843 database.py:90  INFO reading rental.csv data from ../data/
2019-05-13 19:11:37,843 database.py:104 INFO successfully read in data
2019-05-13 19:11:37,913 database.py:118 INFO no errors importing to Collection(Database(MongoClient(host=['127.0.0.1:27017'], document_class=dict, tz_aware=False, connect=True), 'HPNorton'), 'products') 
2019-05-13 19:11:37,966 database.py:118 INFO no errors importing to Collection(Database(MongoClient(host=['127.0.0.1:27017'], document_class=dict, tz_aware=False, connect=True), 'HPNorton'), 'customers') 
2019-05-13 19:11:38,030 database.py:118 INFO no errors importing to Collection(Database(MongoClient(host=['127.0.0.1:27017'], document_class=dict, tz_aware=False, connect=True), 'HPNorton'), 'rentals') 
2019-05-13 19:11:38,033 database.py:68  INFO succesful product imports = 1 to db
2019-05-13 19:11:38,033 database.py:69  INFO succesful customer imports = 1 to db
2019-05-13 19:11:38,033 database.py:70  INFO succesful rental imports = 1 to db
2019-05-13 19:11:38,033 database.py:73  INFO product import errors = 0 to db
2019-05-13 19:11:38,033 database.py:74  INFO customer import errors = 0 to db
2019-05-13 19:11:38,033 database.py:75  INFO rental import errors = 0 to db
2019-05-13 19:11:38,033 database.py:138 INFO starting show_available_products method
2019-05-13 19:12:29,818 database.py:44  INFO starting MongoDBConnection
2019-05-13 19:12:29,820 database.py:57  INFO importing data
2019-05-13 19:12:29,820 database.py:90  INFO reading product.csv data from ../data/
2019-05-13 19:12:29,821 database.py:104 INFO successfully read in data
2019-05-13 19:12:29,821 database.py:90  INFO reading customers.csv data from ../data/
2019-05-13 19:12:29,821 database.py:104 INFO successfully read in data
2019-05-13 19:12:29,822 database.py:90  INFO reading rental.csv data from ../data/
2019-05-13 19:12:29,822 database.py:104 INFO successfully read in data
2019-05-13 19:12:29,824 database.py:118 INFO no errors importing to Collection(Database(MongoClient(host=['127.0.0.1:27017'], document_class=dict, tz_aware=False, connect=True), 'HPNorton'), 'products') 
2019-05-13 19:12:29,824 database.py:118 INFO no errors importing to Collection(Database(MongoClient(host=['127.0.0.1:27017'], document_class=dict, tz_aware=False, connect=True), 'HPNorton'), 'customers') 
2019-05-13 19:12:29,825 database.py:118 INFO no errors importing to Collection(Database(MongoClient(host=['127.0.0.1:27017'], document_class=dict, tz_aware=False, connect=True), 'HPNorton'), 'rentals') 
2019-05-13 19:12:29,826 database.py:68  INFO succesful product imports = 1 to db
2019-05-13 19:12:29,826 database.py:69  INFO succesful customer imports = 1 to db
2019-05-13 19:12:29,826 database.py:70  INFO succesful rental imports = 1 to db
2019-05-13 19:12:29,826 database.py:73  INFO product import errors = 0 to db
2019-05-13 19:12:29,826 database.py:74  INFO customer import errors = 0 to db
2019-05-13 19:12:29,826 database.py:75  INFO rental import errors = 0 to db
2019-05-13 19:12:29,826 database.py:138 INFO starting show_available_products method
2019-05-13 19:12:29,830 database.py:149 INFO starting drop data method
2019-05-13 19:20:25,152 database.py:44  INFO starting MongoDBConnection
2019-05-13 19:20:25,153 database.py:57  INFO importing data
2019-05-13 19:20:25,153 database.py:90  INFO reading product.csv data from ../data/
2019-05-13 19:20:25,154 database.py:104 INFO successfully read in data
2019-05-13 19:20:25,154 database.py:90  INFO reading customers.csv data from ../data/
2019-05-13 19:20:25,156 database.py:104 INFO successfully read in data
2019-05-13 19:20:25,156 database.py:90  INFO reading rental.csv data from ../data/
2019-05-13 19:20:25,156 database.py:104 INFO successfully read in data
2019-05-13 19:20:25,207 database.py:118 INFO no errors importing to Collection(Database(MongoClient(host=['127.0.0.1:27017'], document_class=dict, tz_aware=False, connect=True), 'HPNorton'), 'products') 
2019-05-13 19:20:25,272 database.py:118 INFO no errors importing to Collection(Database(MongoClient(host=['127.0.0.1:27017'], document_class=dict, tz_aware=False, connect=True), 'HPNorton'), 'customers') 
2019-05-13 19:20:25,323 database.py:118 INFO no errors importing to Collection(Database(MongoClient(host=['127.0.0.1:27017'], document_class=dict, tz_aware=False, connect=True), 'HPNorton'), 'rentals') 
2019-05-13 19:20:25,326 database.py:68  INFO succesful product imports = 1 to db
2019-05-13 19:20:25,326 database.py:69  INFO succesful customer imports = 1 to db
2019-05-13 19:20:25,326 database.py:70  INFO succesful rental imports = 1 to db
2019-05-13 19:20:25,326 database.py:73  INFO product import errors = 0 to db
2019-05-13 19:20:25,327 database.py:74  INFO customer import errors = 0 to db
2019-05-13 19:20:25,327 database.py:75  INFO rental import errors = 0 to db
2019-05-13 19:20:25,327 database.py:138 INFO starting show_available_products method
2019-05-13 19:20:57,958 database.py:44  INFO starting MongoDBConnection
2019-05-13 19:20:57,959 database.py:57  INFO importing data
2019-05-13 19:20:57,959 database.py:90  INFO reading product.csv data from ../data/
2019-05-13 19:20:57,960 database.py:104 INFO successfully read in data
2019-05-13 19:20:57,960 database.py:90  INFO reading customers.csv data from ../data/
2019-05-13 19:20:57,961 database.py:104 INFO successfully read in data
2019-05-13 19:20:57,961 database.py:90  INFO reading rental.csv data from ../data/
2019-05-13 19:20:57,961 database.py:104 INFO successfully read in data
2019-05-13 19:20:57,963 database.py:118 INFO no errors importing to Collection(Database(MongoClient(host=['127.0.0.1:27017'], document_class=dict, tz_aware=False, connect=True), 'HPNorton'), 'products') 
2019-05-13 19:20:57,964 database.py:118 INFO no errors importing to Collection(Database(MongoClient(host=['127.0.0.1:27017'], document_class=dict, tz_aware=False, connect=True), 'HPNorton'), 'customers') 
2019-05-13 19:20:57,964 database.py:118 INFO no errors importing to Collection(Database(MongoClient(host=['127.0.0.1:27017'], document_class=dict, tz_aware=False, connect=True), 'HPNorton'), 'rentals') 
2019-05-13 19:20:57,965 database.py:68  INFO succesful product imports = 1 to db
2019-05-13 19:20:57,965 database.py:69  INFO succesful customer imports = 1 to db
2019-05-13 19:20:57,965 database.py:70  INFO succesful rental imports = 1 to db
2019-05-13 19:20:57,965 database.py:73  INFO product import errors = 0 to db
2019-05-13 19:20:57,965 database.py:74  INFO customer import errors = 0 to db
2019-05-13 19:20:57,965 database.py:75  INFO rental import errors = 0 to db
2019-05-13 19:20:57,965 database.py:138 INFO starting show_available_products method
2019-05-13 19:20:57,968 database.py:156 INFO starting drop data method
2019-05-13 19:21:12,808 database.py:44  INFO starting MongoDBConnection
2019-05-13 19:21:12,809 database.py:57  INFO importing data
2019-05-13 19:21:12,810 database.py:90  INFO reading product.csv data from ../data/
2019-05-13 19:21:12,810 database.py:104 INFO successfully read in data
2019-05-13 19:21:12,810 database.py:90  INFO reading customers.csv data from ../data/
2019-05-13 19:21:12,811 database.py:104 INFO successfully read in data
2019-05-13 19:21:12,811 database.py:90  INFO reading rental.csv data from ../data/
2019-05-13 19:21:12,812 database.py:104 INFO successfully read in data
2019-05-13 19:21:12,875 database.py:118 INFO no errors importing to Collection(Database(MongoClient(host=['127.0.0.1:27017'], document_class=dict, tz_aware=False, connect=True), 'HPNorton'), 'products') 
2019-05-13 19:21:12,930 database.py:118 INFO no errors importing to Collection(Database(MongoClient(host=['127.0.0.1:27017'], document_class=dict, tz_aware=False, connect=True), 'HPNorton'), 'customers') 
2019-05-13 19:21:12,989 database.py:118 INFO no errors importing to Collection(Database(MongoClient(host=['127.0.0.1:27017'], document_class=dict, tz_aware=False, connect=True), 'HPNorton'), 'rentals') 
2019-05-13 19:21:12,992 database.py:68  INFO succesful product imports = 1 to db
2019-05-13 19:21:12,992 database.py:69  INFO succesful customer imports = 1 to db
2019-05-13 19:21:12,992 database.py:70  INFO succesful rental imports = 1 to db
2019-05-13 19:21:12,992 database.py:73  INFO product import errors = 0 to db
2019-05-13 19:21:12,992 database.py:74  INFO customer import errors = 0 to db
2019-05-13 19:21:12,992 database.py:75  INFO rental import errors = 0 to db
2019-05-13 19:21:12,992 database.py:138 INFO starting show_available_products method
2019-05-13 19:21:12,996 database.py:157 INFO starting drop data method
2019-05-13 19:21:42,684 database.py:44  INFO starting MongoDBConnection
2019-05-13 19:21:42,686 database.py:57  INFO importing data
2019-05-13 19:21:42,686 database.py:90  INFO reading product.csv data from ../data/
2019-05-13 19:21:42,687 database.py:104 INFO successfully read in data
2019-05-13 19:21:42,687 database.py:90  INFO reading customers.csv data from ../data/
2019-05-13 19:21:42,687 database.py:104 INFO successfully read in data
2019-05-13 19:21:42,687 database.py:90  INFO reading rental.csv data from ../data/
2019-05-13 19:21:42,687 database.py:104 INFO successfully read in data
2019-05-13 19:21:42,746 database.py:118 INFO no errors importing to Collection(Database(MongoClient(host=['127.0.0.1:27017'], document_class=dict, tz_aware=False, connect=True), 'HPNorton'), 'products') 
2019-05-13 19:21:42,800 database.py:118 INFO no errors importing to Collection(Database(MongoClient(host=['127.0.0.1:27017'], document_class=dict, tz_aware=False, connect=True), 'HPNorton'), 'customers') 
2019-05-13 19:21:42,859 database.py:118 INFO no errors importing to Collection(Database(MongoClient(host=['127.0.0.1:27017'], document_class=dict, tz_aware=False, connect=True), 'HPNorton'), 'rentals') 
2019-05-13 19:21:42,861 database.py:68  INFO succesful product imports = 1 to db
2019-05-13 19:21:42,861 database.py:69  INFO succesful customer imports = 1 to db
2019-05-13 19:21:42,861 database.py:70  INFO succesful rental imports = 1 to db
2019-05-13 19:21:42,862 database.py:73  INFO product import errors = 0 to db
2019-05-13 19:21:42,862 database.py:74  INFO customer import errors = 0 to db
2019-05-13 19:21:42,862 database.py:75  INFO rental import errors = 0 to db
2019-05-13 19:21:42,862 database.py:138 INFO starting show_available_products method
2019-05-13 19:21:42,866 database.py:157 INFO starting drop data method
