2019-04-15 19:44:01,772 charges_calc.py:44  ERROR json file load error

2019-04-15 20:13:19,420 charges_calc.py:52  WARNING For RNT776, rental end/start day is missing, skip entry.

2019-04-15 20:17:22,128 charges_calc.py:64  WARNING For RNT843, units rented is 0, skip entry.

2019-04-15 22:28:45,280 charges_calc.py:79  DEBUG For RNT001, rental end day is prior to rental start date, swap date.
2019-04-15 22:28:45,281 charges_calc.py:79  DEBUG For RNT006, rental end day is prior to rental start date, swap date.
2019-04-15 22:28:45,281 charges_calc.py:79  DEBUG For RNT007, rental end day is prior to rental start date, swap date.
2019-04-15 22:28:45,282 charges_calc.py:79  DEBUG For RNT008, rental end day is prior to rental start date, swap date.
2019-04-15 22:28:45,282 charges_calc.py:79  DEBUG For RNT009, rental end day is prior to rental start date, swap date.
2019-04-15 22:28:45,282 charges_calc.py:79  DEBUG For RNT010, rental end day is prior to rental start date, swap date.
2019-04-15 22:28:45,282 charges_calc.py:79  DEBUG For RNT011, rental end day is prior to rental start date, swap date.
2019-04-15 22:28:45,283 charges_calc.py:79  DEBUG For RNT012, rental end day is prior to rental start date, swap date.
2019-04-15 22:28:45,283 charges_calc.py:79  DEBUG For RNT014, rental end day is prior to rental start date, swap date.
2019-04-15 22:28:45,283 charges_calc.py:79  DEBUG For RNT016, rental end day is prior to rental start date, swap date.
2019-04-15 22:28:45,283 charges_calc.py:79  DEBUG For RNT017, rental end day is prior to rental start date, swap date.
2019-04-15 22:28:45,284 charges_calc.py:79  DEBUG For RNT018, rental end day is prior to rental start date, swap date.
2019-04-15 22:28:45,284 charges_calc.py:79  DEBUG For RNT019, rental end day is prior to rental start date, swap date.
2019-04-15 22:28:45,284 charges_calc.py:79  DEBUG For RNT020, rental end day is prior to rental start date, swap date.
2019-04-15 22:28:45,284 charges_calc.py:79  DEBUG For RNT021, rental end day is prior to rental start date, swap date.
2019-04-15 22:28:45,285 charges_calc.py:79  DEBUG For RNT025, rental end day is prior to rental start date, swap date.
2019-04-15 22:28:45,285 charges_calc.py:79  DEBUG For RNT026, rental end day is prior to rental start date, swap date.
2019-04-15 22:28:45,285 charges_calc.py:79  DEBUG For RNT028, rental end day is prior to rental start date, swap date.
2019-04-15 22:28:45,285 charges_calc.py:79  DEBUG For RNT030, rental end day is prior to rental start date, swap date.
2019-04-15 22:28:45,286 charges_calc.py:79  DEBUG For RNT031, rental end day is prior to rental start date, swap date.
2019-04-15 22:28:45,286 charges_calc.py:79  DEBUG For RNT034, rental end day is prior to rental start date, swap date.
2019-04-15 22:28:45,286 charges_calc.py:79  DEBUG For RNT040, rental end day is prior to rental start date, swap date.
2019-04-15 22:28:45,287 charges_calc.py:79  DEBUG For RNT041, rental end day is prior to rental start date, swap date.
2019-04-15 22:28:45,287 charges_calc.py:79  DEBUG For RNT044, rental end day is prior to rental start date, swap date.
2019-04-15 22:28:45,287 charges_calc.py:79  DEBUG For RNT045, rental end day is prior to rental start date, swap date.
2019-04-15 22:28:45,287 charges_calc.py:79  DEBUG For RNT046, rental end day is prior to rental start date, swap date.
2019-04-15 22:28:45,288 charges_calc.py:79  DEBUG For RNT047, rental end day is prior to rental start date, swap date.
2019-04-15 22:28:45,288 charges_calc.py:79  DEBUG For RNT048, rental end day is prior to rental start date, swap date.
2019-04-15 22:28:45,288 charges_calc.py:79  DEBUG For RNT050, rental end day is prior to rental start date, swap date.
2019-04-15 22:28:45,289 charges_calc.py:79  DEBUG For RNT056, rental end day is prior to rental start date, swap date.
2019-04-15 22:28:45,289 charges_calc.py:79  DEBUG For RNT058, rental end day is prior to rental start date, swap date.
2019-04-15 22:28:45,289 charges_calc.py:79  DEBUG For RNT060, rental end day is prior to rental start date, swap date.
2019-04-15 22:28:45,290 charges_calc.py:79  DEBUG For RNT061, rental end day is prior to rental start date, swap date.
2019-04-15 22:28:45,290 charges_calc.py:79  DEBUG For RNT062, rental end day is prior to rental start date, swap date.
2019-04-15 22:28:45,290 charges_calc.py:79  DEBUG For RNT065, rental end day is prior to rental start date, swap date.
2019-04-15 22:28:45,290 charges_calc.py:79  DEBUG For RNT067, rental end day is prior to rental start date, swap date.
2019-04-15 22:28:45,291 charges_calc.py:79  DEBUG For RNT071, rental end day is prior to rental start date, swap date.
2019-04-15 22:28:45,291 charges_calc.py:79  DEBUG For RNT074, rental end day is prior to rental start date, swap date.
2019-04-15 22:28:45,291 charges_calc.py:79  DEBUG For RNT076, rental end day is prior to rental start date, swap date.
2019-04-15 22:28:45,291 charges_calc.py:79  DEBUG For RNT077, rental end day is prior to rental start date, swap date.
2019-04-15 22:28:45,292 charges_calc.py:79  DEBUG For RNT079, rental end day is prior to rental start date, swap date.
2019-04-15 22:28:45,292 charges_calc.py:79  DEBUG For RNT084, rental end day is prior to rental start date, swap date.
2019-04-15 22:28:45,292 charges_calc.py:79  DEBUG For RNT086, rental end day is prior to rental start date, swap date.
2019-04-15 22:28:45,293 charges_calc.py:79  DEBUG For RNT087, rental end day is prior to rental start date, swap date.
2019-04-15 22:28:45,293 charges_calc.py:79  DEBUG For RNT089, rental end day is prior to rental start date, swap date.
2019-04-15 22:28:45,293 charges_calc.py:79  DEBUG For RNT092, rental end day is prior to rental start date, swap date.
2019-04-15 22:28:45,293 charges_calc.py:79  DEBUG For RNT095, rental end day is prior to rental start date, swap date.
2019-04-15 22:28:45,294 charges_calc.py:79  DEBUG For RNT097, rental end day is prior to rental start date, swap date.
2019-04-15 22:28:45,294 charges_calc.py:79  DEBUG For RNT099, rental end day is prior to rental start date, swap date.
2019-04-15 22:28:45,294 charges_calc.py:79  DEBUG For RNT100, rental end day is prior to rental start date, swap date.
2019-04-15 22:28:45,294 charges_calc.py:79  DEBUG For RNT101, rental end day is prior to rental start date, swap date.
2019-04-15 22:28:45,295 charges_calc.py:79  DEBUG For RNT102, rental end day is prior to rental start date, swap date.
2019-04-15 22:28:45,295 charges_calc.py:79  DEBUG For RNT103, rental end day is prior to rental start date, swap date.
2019-04-15 22:28:45,295 charges_calc.py:79  DEBUG For RNT104, rental end day is prior to rental start date, swap date.
2019-04-15 22:28:45,295 charges_calc.py:79  DEBUG For RNT105, rental end day is prior to rental start date, swap date.
2019-04-15 22:28:45,295 charges_calc.py:79  DEBUG For RNT106, rental end day is prior to rental start date, swap date.
2019-04-15 22:28:45,296 charges_calc.py:79  DEBUG For RNT107, rental end day is prior to rental start date, swap date.
2019-04-15 22:28:45,296 charges_calc.py:79  DEBUG For RNT109, rental end day is prior to rental start date, swap date.
2019-04-15 22:28:45,296 charges_calc.py:79  DEBUG For RNT114, rental end day is prior to rental start date, swap date.
2019-04-15 22:28:45,296 charges_calc.py:79  DEBUG For RNT115, rental end day is prior to rental start date, swap date.
2019-04-15 22:28:45,297 charges_calc.py:79  DEBUG For RNT116, rental end day is prior to rental start date, swap date.
2019-04-15 22:28:45,297 charges_calc.py:79  DEBUG For RNT118, rental end day is prior to rental start date, swap date.
2019-04-15 22:28:45,297 charges_calc.py:79  DEBUG For RNT119, rental end day is prior to rental start date, swap date.
2019-04-15 22:28:45,297 charges_calc.py:79  DEBUG For RNT120, rental end day is prior to rental start date, swap date.
2019-04-15 22:28:45,297 charges_calc.py:79  DEBUG For RNT121, rental end day is prior to rental start date, swap date.
2019-04-15 22:28:45,298 charges_calc.py:79  DEBUG For RNT122, rental end day is prior to rental start date, swap date.
2019-04-15 22:28:45,298 charges_calc.py:79  DEBUG For RNT123, rental end day is prior to rental start date, swap date.
2019-04-15 22:28:45,298 charges_calc.py:79  DEBUG For RNT125, rental end day is prior to rental start date, swap date.
2019-04-15 22:28:45,298 charges_calc.py:79  DEBUG For RNT129, rental end day is prior to rental start date, swap date.
2019-04-15 22:28:45,299 charges_calc.py:79  DEBUG For RNT130, rental end day is prior to rental start date, swap date.
2019-04-15 22:28:45,299 charges_calc.py:79  DEBUG For RNT135, rental end day is prior to rental start date, swap date.
2019-04-15 22:28:45,299 charges_calc.py:79  DEBUG For RNT139, rental end day is prior to rental start date, swap date.
2019-04-15 22:28:45,299 charges_calc.py:79  DEBUG For RNT141, rental end day is prior to rental start date, swap date.
2019-04-15 22:28:45,300 charges_calc.py:79  DEBUG For RNT142, rental end day is prior to rental start date, swap date.
2019-04-15 22:28:45,300 charges_calc.py:79  DEBUG For RNT143, rental end day is prior to rental start date, swap date.
2019-04-15 22:28:45,300 charges_calc.py:79  DEBUG For RNT145, rental end day is prior to rental start date, swap date.
2019-04-15 22:28:45,300 charges_calc.py:79  DEBUG For RNT148, rental end day is prior to rental start date, swap date.
2019-04-15 22:28:45,301 charges_calc.py:79  DEBUG For RNT149, rental end day is prior to rental start date, swap date.
2019-04-15 22:28:45,301 charges_calc.py:79  DEBUG For RNT151, rental end day is prior to rental start date, swap date.
2019-04-15 22:28:45,301 charges_calc.py:79  DEBUG For RNT154, rental end day is prior to rental start date, swap date.
2019-04-15 22:28:45,302 charges_calc.py:79  DEBUG For RNT155, rental end day is prior to rental start date, swap date.
2019-04-15 22:28:45,302 charges_calc.py:79  DEBUG For RNT157, rental end day is prior to rental start date, swap date.
2019-04-15 22:28:45,302 charges_calc.py:79  DEBUG For RNT158, rental end day is prior to rental start date, swap date.
2019-04-15 22:28:45,302 charges_calc.py:79  DEBUG For RNT160, rental end day is prior to rental start date, swap date.
2019-04-15 22:28:45,303 charges_calc.py:79  DEBUG For RNT163, rental end day is prior to rental start date, swap date.
2019-04-15 22:28:45,303 charges_calc.py:79  DEBUG For RNT164, rental end day is prior to rental start date, swap date.
2019-04-15 22:28:45,303 charges_calc.py:79  DEBUG For RNT166, rental end day is prior to rental start date, swap date.
2019-04-15 22:28:45,303 charges_calc.py:79  DEBUG For RNT167, rental end day is prior to rental start date, swap date.
2019-04-15 22:28:45,303 charges_calc.py:79  DEBUG For RNT168, rental end day is prior to rental start date, swap date.
2019-04-15 22:28:45,304 charges_calc.py:79  DEBUG For RNT169, rental end day is prior to rental start date, swap date.
2019-04-15 22:28:45,304 charges_calc.py:79  DEBUG For RNT170, rental end day is prior to rental start date, swap date.
2019-04-15 22:28:45,304 charges_calc.py:79  DEBUG For RNT175, rental end day is prior to rental start date, swap date.
2019-04-15 22:28:45,304 charges_calc.py:79  DEBUG For RNT178, rental end day is prior to rental start date, swap date.
2019-04-15 22:28:45,305 charges_calc.py:79  DEBUG For RNT179, rental end day is prior to rental start date, swap date.
2019-04-15 22:28:45,305 charges_calc.py:79  DEBUG For RNT180, rental end day is prior to rental start date, swap date.
2019-04-15 22:28:45,305 charges_calc.py:79  DEBUG For RNT183, rental end day is prior to rental start date, swap date.
2019-04-15 22:28:45,305 charges_calc.py:79  DEBUG For RNT184, rental end day is prior to rental start date, swap date.
2019-04-15 22:28:45,306 charges_calc.py:79  DEBUG For RNT187, rental end day is prior to rental start date, swap date.
2019-04-15 22:28:45,306 charges_calc.py:79  DEBUG For RNT189, rental end day is prior to rental start date, swap date.
2019-04-15 22:28:45,306 charges_calc.py:79  DEBUG For RNT192, rental end day is prior to rental start date, swap date.
2019-04-15 22:28:45,307 charges_calc.py:79  DEBUG For RNT195, rental end day is prior to rental start date, swap date.
2019-04-15 22:28:45,307 charges_calc.py:79  DEBUG For RNT196, rental end day is prior to rental start date, swap date.
2019-04-15 22:28:45,307 charges_calc.py:79  DEBUG For RNT197, rental end day is prior to rental start date, swap date.
2019-04-15 22:28:45,308 charges_calc.py:79  DEBUG For RNT201, rental end day is prior to rental start date, swap date.
2019-04-15 22:28:45,308 charges_calc.py:79  DEBUG For RNT202, rental end day is prior to rental start date, swap date.
2019-04-15 22:28:45,308 charges_calc.py:79  DEBUG For RNT207, rental end day is prior to rental start date, swap date.
2019-04-15 22:28:45,309 charges_calc.py:79  DEBUG For RNT208, rental end day is prior to rental start date, swap date.
2019-04-15 22:28:45,309 charges_calc.py:79  DEBUG For RNT210, rental end day is prior to rental start date, swap date.
2019-04-15 22:28:45,309 charges_calc.py:79  DEBUG For RNT214, rental end day is prior to rental start date, swap date.
2019-04-15 22:28:45,310 charges_calc.py:79  DEBUG For RNT216, rental end day is prior to rental start date, swap date.
2019-04-15 22:28:45,310 charges_calc.py:79  DEBUG For RNT217, rental end day is prior to rental start date, swap date.
2019-04-15 22:28:45,310 charges_calc.py:79  DEBUG For RNT218, rental end day is prior to rental start date, swap date.
2019-04-15 22:28:45,311 charges_calc.py:79  DEBUG For RNT221, rental end day is prior to rental start date, swap date.
2019-04-15 22:28:45,311 charges_calc.py:79  DEBUG For RNT223, rental end day is prior to rental start date, swap date.
2019-04-15 22:28:45,312 charges_calc.py:79  DEBUG For RNT224, rental end day is prior to rental start date, swap date.
2019-04-15 22:28:45,312 charges_calc.py:79  DEBUG For RNT225, rental end day is prior to rental start date, swap date.
2019-04-15 22:28:45,312 charges_calc.py:79  DEBUG For RNT227, rental end day is prior to rental start date, swap date.
2019-04-15 22:28:45,313 charges_calc.py:79  DEBUG For RNT229, rental end day is prior to rental start date, swap date.
2019-04-15 22:28:45,313 charges_calc.py:79  DEBUG For RNT233, rental end day is prior to rental start date, swap date.
2019-04-15 22:28:45,314 charges_calc.py:79  DEBUG For RNT234, rental end day is prior to rental start date, swap date.
2019-04-15 22:28:45,314 charges_calc.py:79  DEBUG For RNT236, rental end day is prior to rental start date, swap date.
2019-04-15 22:28:45,314 charges_calc.py:79  DEBUG For RNT238, rental end day is prior to rental start date, swap date.
2019-04-15 22:28:45,315 charges_calc.py:79  DEBUG For RNT241, rental end day is prior to rental start date, swap date.
2019-04-15 22:28:45,315 charges_calc.py:79  DEBUG For RNT242, rental end day is prior to rental start date, swap date.
2019-04-15 22:28:45,315 charges_calc.py:79  DEBUG For RNT243, rental end day is prior to rental start date, swap date.
2019-04-15 22:28:45,315 charges_calc.py:79  DEBUG For RNT244, rental end day is prior to rental start date, swap date.
2019-04-15 22:28:45,316 charges_calc.py:79  DEBUG For RNT246, rental end day is prior to rental start date, swap date.
2019-04-15 22:28:45,316 charges_calc.py:79  DEBUG For RNT247, rental end day is prior to rental start date, swap date.
2019-04-15 22:28:45,317 charges_calc.py:79  DEBUG For RNT254, rental end day is prior to rental start date, swap date.
2019-04-15 22:28:45,317 charges_calc.py:79  DEBUG For RNT258, rental end day is prior to rental start date, swap date.
2019-04-15 22:28:45,317 charges_calc.py:79  DEBUG For RNT259, rental end day is prior to rental start date, swap date.
2019-04-15 22:28:45,318 charges_calc.py:79  DEBUG For RNT260, rental end day is prior to rental start date, swap date.
2019-04-15 22:28:45,318 charges_calc.py:79  DEBUG For RNT261, rental end day is prior to rental start date, swap date.
2019-04-15 22:28:45,318 charges_calc.py:79  DEBUG For RNT264, rental end day is prior to rental start date, swap date.
2019-04-15 22:28:45,319 charges_calc.py:79  DEBUG For RNT265, rental end day is prior to rental start date, swap date.
2019-04-15 22:28:45,319 charges_calc.py:79  DEBUG For RNT270, rental end day is prior to rental start date, swap date.
2019-04-15 22:28:45,320 charges_calc.py:79  DEBUG For RNT271, rental end day is prior to rental start date, swap date.
2019-04-15 22:28:45,320 charges_calc.py:79  DEBUG For RNT272, rental end day is prior to rental start date, swap date.
2019-04-15 22:28:45,321 charges_calc.py:79  DEBUG For RNT274, rental end day is prior to rental start date, swap date.
2019-04-15 22:28:45,321 charges_calc.py:79  DEBUG For RNT277, rental end day is prior to rental start date, swap date.
2019-04-15 22:28:45,322 charges_calc.py:79  DEBUG For RNT282, rental end day is prior to rental start date, swap date.
2019-04-15 22:28:45,322 charges_calc.py:79  DEBUG For RNT283, rental end day is prior to rental start date, swap date.
2019-04-15 22:28:45,322 charges_calc.py:79  DEBUG For RNT288, rental end day is prior to rental start date, swap date.
2019-04-15 22:28:45,323 charges_calc.py:79  DEBUG For RNT290, rental end day is prior to rental start date, swap date.
2019-04-15 22:28:45,323 charges_calc.py:79  DEBUG For RNT295, rental end day is prior to rental start date, swap date.
2019-04-15 22:28:45,323 charges_calc.py:79  DEBUG For RNT296, rental end day is prior to rental start date, swap date.
2019-04-15 22:28:45,324 charges_calc.py:79  DEBUG For RNT298, rental end day is prior to rental start date, swap date.
2019-04-15 22:28:45,324 charges_calc.py:79  DEBUG For RNT299, rental end day is prior to rental start date, swap date.
2019-04-15 22:28:45,324 charges_calc.py:79  DEBUG For RNT300, rental end day is prior to rental start date, swap date.
2019-04-15 22:28:45,324 charges_calc.py:79  DEBUG For RNT301, rental end day is prior to rental start date, swap date.
2019-04-15 22:28:45,325 charges_calc.py:79  DEBUG For RNT302, rental end day is prior to rental start date, swap date.
2019-04-15 22:28:45,325 charges_calc.py:79  DEBUG For RNT303, rental end day is prior to rental start date, swap date.
2019-04-15 22:28:45,325 charges_calc.py:79  DEBUG For RNT304, rental end day is prior to rental start date, swap date.
2019-04-15 22:28:45,325 charges_calc.py:79  DEBUG For RNT305, rental end day is prior to rental start date, swap date.
2019-04-15 22:28:45,325 charges_calc.py:79  DEBUG For RNT306, rental end day is prior to rental start date, swap date.
2019-04-15 22:28:45,326 charges_calc.py:79  DEBUG For RNT308, rental end day is prior to rental start date, swap date.
2019-04-15 22:28:45,326 charges_calc.py:79  DEBUG For RNT309, rental end day is prior to rental start date, swap date.
2019-04-15 22:28:45,326 charges_calc.py:79  DEBUG For RNT310, rental end day is prior to rental start date, swap date.
2019-04-15 22:28:45,326 charges_calc.py:79  DEBUG For RNT311, rental end day is prior to rental start date, swap date.
2019-04-15 22:28:45,327 charges_calc.py:79  DEBUG For RNT312, rental end day is prior to rental start date, swap date.
2019-04-15 22:28:45,327 charges_calc.py:79  DEBUG For RNT313, rental end day is prior to rental start date, swap date.
2019-04-15 22:28:45,327 charges_calc.py:79  DEBUG For RNT314, rental end day is prior to rental start date, swap date.
2019-04-15 22:28:45,327 charges_calc.py:79  DEBUG For RNT315, rental end day is prior to rental start date, swap date.
2019-04-15 22:28:45,328 charges_calc.py:79  DEBUG For RNT316, rental end day is prior to rental start date, swap date.
2019-04-15 22:28:45,328 charges_calc.py:79  DEBUG For RNT320, rental end day is prior to rental start date, swap date.
2019-04-15 22:28:45,328 charges_calc.py:79  DEBUG For RNT321, rental end day is prior to rental start date, swap date.
2019-04-15 22:28:45,328 charges_calc.py:79  DEBUG For RNT324, rental end day is prior to rental start date, swap date.
2019-04-15 22:28:45,329 charges_calc.py:79  DEBUG For RNT325, rental end day is prior to rental start date, swap date.
2019-04-15 22:28:45,329 charges_calc.py:79  DEBUG For RNT331, rental end day is prior to rental start date, swap date.
2019-04-15 22:28:45,330 charges_calc.py:79  DEBUG For RNT335, rental end day is prior to rental start date, swap date.
2019-04-15 22:28:45,330 charges_calc.py:79  DEBUG For RNT336, rental end day is prior to rental start date, swap date.
2019-04-15 22:28:45,330 charges_calc.py:79  DEBUG For RNT337, rental end day is prior to rental start date, swap date.
2019-04-15 22:28:45,331 charges_calc.py:79  DEBUG For RNT339, rental end day is prior to rental start date, swap date.
2019-04-15 22:28:45,331 charges_calc.py:79  DEBUG For RNT343, rental end day is prior to rental start date, swap date.
2019-04-15 22:28:45,332 charges_calc.py:79  DEBUG For RNT345, rental end day is prior to rental start date, swap date.
2019-04-15 22:28:45,333 charges_calc.py:79  DEBUG For RNT346, rental end day is prior to rental start date, swap date.
2019-04-15 22:28:45,333 charges_calc.py:79  DEBUG For RNT347, rental end day is prior to rental start date, swap date.
2019-04-15 22:28:45,333 charges_calc.py:79  DEBUG For RNT352, rental end day is prior to rental start date, swap date.
2019-04-15 22:28:45,334 charges_calc.py:79  DEBUG For RNT353, rental end day is prior to rental start date, swap date.
2019-04-15 22:28:45,334 charges_calc.py:79  DEBUG For RNT355, rental end day is prior to rental start date, swap date.
2019-04-15 22:28:45,334 charges_calc.py:79  DEBUG For RNT356, rental end day is prior to rental start date, swap date.
2019-04-15 22:28:45,334 charges_calc.py:79  DEBUG For RNT361, rental end day is prior to rental start date, swap date.
2019-04-15 22:28:45,335 charges_calc.py:79  DEBUG For RNT363, rental end day is prior to rental start date, swap date.
2019-04-15 22:28:45,335 charges_calc.py:79  DEBUG For RNT364, rental end day is prior to rental start date, swap date.
2019-04-15 22:28:45,335 charges_calc.py:79  DEBUG For RNT366, rental end day is prior to rental start date, swap date.
2019-04-15 22:28:45,336 charges_calc.py:79  DEBUG For RNT371, rental end day is prior to rental start date, swap date.
2019-04-15 22:28:45,336 charges_calc.py:79  DEBUG For RNT372, rental end day is prior to rental start date, swap date.
2019-04-15 22:28:45,336 charges_calc.py:79  DEBUG For RNT374, rental end day is prior to rental start date, swap date.
2019-04-15 22:28:45,336 charges_calc.py:79  DEBUG For RNT376, rental end day is prior to rental start date, swap date.
2019-04-15 22:28:45,337 charges_calc.py:79  DEBUG For RNT379, rental end day is prior to rental start date, swap date.
2019-04-15 22:28:45,337 charges_calc.py:79  DEBUG For RNT381, rental end day is prior to rental start date, swap date.
2019-04-15 22:28:45,337 charges_calc.py:79  DEBUG For RNT383, rental end day is prior to rental start date, swap date.
2019-04-15 22:28:45,338 charges_calc.py:79  DEBUG For RNT384, rental end day is prior to rental start date, swap date.
2019-04-15 22:28:45,338 charges_calc.py:79  DEBUG For RNT386, rental end day is prior to rental start date, swap date.
2019-04-15 22:28:45,338 charges_calc.py:79  DEBUG For RNT387, rental end day is prior to rental start date, swap date.
2019-04-15 22:28:45,338 charges_calc.py:79  DEBUG For RNT388, rental end day is prior to rental start date, swap date.
2019-04-15 22:28:45,339 charges_calc.py:79  DEBUG For RNT391, rental end day is prior to rental start date, swap date.
2019-04-15 22:28:45,339 charges_calc.py:79  DEBUG For RNT392, rental end day is prior to rental start date, swap date.
2019-04-15 22:28:45,339 charges_calc.py:79  DEBUG For RNT394, rental end day is prior to rental start date, swap date.
2019-04-15 22:28:45,339 charges_calc.py:79  DEBUG For RNT395, rental end day is prior to rental start date, swap date.
2019-04-15 22:28:45,340 charges_calc.py:79  DEBUG For RNT397, rental end day is prior to rental start date, swap date.
2019-04-15 22:28:45,340 charges_calc.py:79  DEBUG For RNT400, rental end day is prior to rental start date, swap date.
2019-04-15 22:28:45,340 charges_calc.py:79  DEBUG For RNT405, rental end day is prior to rental start date, swap date.
2019-04-15 22:28:45,340 charges_calc.py:79  DEBUG For RNT408, rental end day is prior to rental start date, swap date.
2019-04-15 22:28:45,341 charges_calc.py:79  DEBUG For RNT409, rental end day is prior to rental start date, swap date.
2019-04-15 22:28:45,341 charges_calc.py:79  DEBUG For RNT412, rental end day is prior to rental start date, swap date.
2019-04-15 22:28:45,341 charges_calc.py:79  DEBUG For RNT413, rental end day is prior to rental start date, swap date.
2019-04-15 22:28:45,341 charges_calc.py:79  DEBUG For RNT414, rental end day is prior to rental start date, swap date.
2019-04-15 22:28:45,342 charges_calc.py:79  DEBUG For RNT416, rental end day is prior to rental start date, swap date.
2019-04-15 22:28:45,342 charges_calc.py:79  DEBUG For RNT421, rental end day is prior to rental start date, swap date.
2019-04-15 22:28:45,342 charges_calc.py:79  DEBUG For RNT422, rental end day is prior to rental start date, swap date.
2019-04-15 22:28:45,342 charges_calc.py:79  DEBUG For RNT423, rental end day is prior to rental start date, swap date.
2019-04-15 22:28:45,343 charges_calc.py:79  DEBUG For RNT424, rental end day is prior to rental start date, swap date.
2019-04-15 22:28:45,343 charges_calc.py:79  DEBUG For RNT427, rental end day is prior to rental start date, swap date.
2019-04-15 22:28:45,343 charges_calc.py:79  DEBUG For RNT428, rental end day is prior to rental start date, swap date.
2019-04-15 22:28:45,343 charges_calc.py:79  DEBUG For RNT430, rental end day is prior to rental start date, swap date.
2019-04-15 22:28:45,344 charges_calc.py:79  DEBUG For RNT435, rental end day is prior to rental start date, swap date.
2019-04-15 22:28:45,344 charges_calc.py:79  DEBUG For RNT436, rental end day is prior to rental start date, swap date.
2019-04-15 22:28:45,344 charges_calc.py:79  DEBUG For RNT440, rental end day is prior to rental start date, swap date.
2019-04-15 22:28:45,345 charges_calc.py:79  DEBUG For RNT443, rental end day is prior to rental start date, swap date.
2019-04-15 22:28:45,345 charges_calc.py:79  DEBUG For RNT445, rental end day is prior to rental start date, swap date.
2019-04-15 22:28:45,345 charges_calc.py:79  DEBUG For RNT446, rental end day is prior to rental start date, swap date.
2019-04-15 22:28:45,345 charges_calc.py:79  DEBUG For RNT447, rental end day is prior to rental start date, swap date.
2019-04-15 22:28:45,346 charges_calc.py:79  DEBUG For RNT449, rental end day is prior to rental start date, swap date.
2019-04-15 22:28:45,346 charges_calc.py:79  DEBUG For RNT451, rental end day is prior to rental start date, swap date.
2019-04-15 22:28:45,346 charges_calc.py:79  DEBUG For RNT453, rental end day is prior to rental start date, swap date.
2019-04-15 22:28:45,347 charges_calc.py:79  DEBUG For RNT454, rental end day is prior to rental start date, swap date.
2019-04-15 22:28:45,347 charges_calc.py:79  DEBUG For RNT457, rental end day is prior to rental start date, swap date.
2019-04-15 22:28:45,347 charges_calc.py:79  DEBUG For RNT461, rental end day is prior to rental start date, swap date.
2019-04-15 22:28:45,347 charges_calc.py:79  DEBUG For RNT462, rental end day is prior to rental start date, swap date.
2019-04-15 22:28:45,348 charges_calc.py:79  DEBUG For RNT463, rental end day is prior to rental start date, swap date.
2019-04-15 22:28:45,348 charges_calc.py:79  DEBUG For RNT465, rental end day is prior to rental start date, swap date.
2019-04-15 22:28:45,348 charges_calc.py:79  DEBUG For RNT467, rental end day is prior to rental start date, swap date.
2019-04-15 22:28:45,349 charges_calc.py:79  DEBUG For RNT472, rental end day is prior to rental start date, swap date.
2019-04-15 22:28:45,349 charges_calc.py:79  DEBUG For RNT476, rental end day is prior to rental start date, swap date.
2019-04-15 22:28:45,350 charges_calc.py:79  DEBUG For RNT480, rental end day is prior to rental start date, swap date.
2019-04-15 22:28:45,350 charges_calc.py:79  DEBUG For RNT485, rental end day is prior to rental start date, swap date.
2019-04-15 22:28:45,351 charges_calc.py:79  DEBUG For RNT487, rental end day is prior to rental start date, swap date.
2019-04-15 22:28:45,351 charges_calc.py:79  DEBUG For RNT489, rental end day is prior to rental start date, swap date.
2019-04-15 22:28:45,351 charges_calc.py:79  DEBUG For RNT490, rental end day is prior to rental start date, swap date.
2019-04-15 22:28:45,352 charges_calc.py:79  DEBUG For RNT491, rental end day is prior to rental start date, swap date.
2019-04-15 22:28:45,352 charges_calc.py:79  DEBUG For RNT493, rental end day is prior to rental start date, swap date.
2019-04-15 22:28:45,352 charges_calc.py:79  DEBUG For RNT495, rental end day is prior to rental start date, swap date.
2019-04-15 22:28:45,353 charges_calc.py:79  DEBUG For RNT496, rental end day is prior to rental start date, swap date.
2019-04-15 22:28:45,353 charges_calc.py:79  DEBUG For RNT497, rental end day is prior to rental start date, swap date.
2019-04-15 22:28:45,353 charges_calc.py:79  DEBUG For RNT501, rental end day is prior to rental start date, swap date.
2019-04-15 22:28:45,354 charges_calc.py:79  DEBUG For RNT503, rental end day is prior to rental start date, swap date.
2019-04-15 22:28:45,354 charges_calc.py:79  DEBUG For RNT507, rental end day is prior to rental start date, swap date.
2019-04-15 22:28:45,354 charges_calc.py:79  DEBUG For RNT508, rental end day is prior to rental start date, swap date.
2019-04-15 22:28:45,355 charges_calc.py:79  DEBUG For RNT509, rental end day is prior to rental start date, swap date.
2019-04-15 22:28:45,355 charges_calc.py:79  DEBUG For RNT512, rental end day is prior to rental start date, swap date.
2019-04-15 22:28:45,355 charges_calc.py:79  DEBUG For RNT513, rental end day is prior to rental start date, swap date.
2019-04-15 22:28:45,355 charges_calc.py:79  DEBUG For RNT514, rental end day is prior to rental start date, swap date.
2019-04-15 22:28:45,356 charges_calc.py:79  DEBUG For RNT515, rental end day is prior to rental start date, swap date.
2019-04-15 22:28:45,356 charges_calc.py:79  DEBUG For RNT516, rental end day is prior to rental start date, swap date.
2019-04-15 22:28:45,356 charges_calc.py:79  DEBUG For RNT517, rental end day is prior to rental start date, swap date.
2019-04-15 22:28:45,356 charges_calc.py:79  DEBUG For RNT518, rental end day is prior to rental start date, swap date.
2019-04-15 22:28:45,357 charges_calc.py:79  DEBUG For RNT520, rental end day is prior to rental start date, swap date.
2019-04-15 22:28:45,357 charges_calc.py:79  DEBUG For RNT522, rental end day is prior to rental start date, swap date.
2019-04-15 22:28:45,357 charges_calc.py:79  DEBUG For RNT524, rental end day is prior to rental start date, swap date.
2019-04-15 22:28:45,357 charges_calc.py:79  DEBUG For RNT525, rental end day is prior to rental start date, swap date.
2019-04-15 22:28:45,358 charges_calc.py:79  DEBUG For RNT528, rental end day is prior to rental start date, swap date.
2019-04-15 22:28:45,358 charges_calc.py:79  DEBUG For RNT532, rental end day is prior to rental start date, swap date.
2019-04-15 22:28:45,358 charges_calc.py:79  DEBUG For RNT533, rental end day is prior to rental start date, swap date.
2019-04-15 22:28:45,359 charges_calc.py:79  DEBUG For RNT535, rental end day is prior to rental start date, swap date.
2019-04-15 22:28:45,359 charges_calc.py:79  DEBUG For RNT536, rental end day is prior to rental start date, swap date.
2019-04-15 22:28:45,359 charges_calc.py:79  DEBUG For RNT537, rental end day is prior to rental start date, swap date.
2019-04-15 22:28:45,359 charges_calc.py:79  DEBUG For RNT538, rental end day is prior to rental start date, swap date.
2019-04-15 22:28:45,360 charges_calc.py:79  DEBUG For RNT539, rental end day is prior to rental start date, swap date.
2019-04-15 22:28:45,360 charges_calc.py:79  DEBUG For RNT541, rental end day is prior to rental start date, swap date.
2019-04-15 22:28:45,360 charges_calc.py:79  DEBUG For RNT544, rental end day is prior to rental start date, swap date.
2019-04-15 22:28:45,360 charges_calc.py:79  DEBUG For RNT545, rental end day is prior to rental start date, swap date.
2019-04-15 22:28:45,361 charges_calc.py:79  DEBUG For RNT546, rental end day is prior to rental start date, swap date.
2019-04-15 22:28:45,361 charges_calc.py:79  DEBUG For RNT548, rental end day is prior to rental start date, swap date.
2019-04-15 22:28:45,361 charges_calc.py:79  DEBUG For RNT550, rental end day is prior to rental start date, swap date.
2019-04-15 22:28:45,361 charges_calc.py:79  DEBUG For RNT551, rental end day is prior to rental start date, swap date.
2019-04-15 22:28:45,362 charges_calc.py:79  DEBUG For RNT555, rental end day is prior to rental start date, swap date.
2019-04-15 22:28:45,362 charges_calc.py:79  DEBUG For RNT558, rental end day is prior to rental start date, swap date.
2019-04-15 22:28:45,363 charges_calc.py:79  DEBUG For RNT561, rental end day is prior to rental start date, swap date.
2019-04-15 22:28:45,363 charges_calc.py:79  DEBUG For RNT562, rental end day is prior to rental start date, swap date.
2019-04-15 22:28:45,364 charges_calc.py:79  DEBUG For RNT566, rental end day is prior to rental start date, swap date.
2019-04-15 22:28:45,364 charges_calc.py:79  DEBUG For RNT569, rental end day is prior to rental start date, swap date.
2019-04-15 22:28:45,365 charges_calc.py:79  DEBUG For RNT570, rental end day is prior to rental start date, swap date.
2019-04-15 22:28:45,365 charges_calc.py:79  DEBUG For RNT572, rental end day is prior to rental start date, swap date.
2019-04-15 22:28:45,365 charges_calc.py:79  DEBUG For RNT575, rental end day is prior to rental start date, swap date.
2019-04-15 22:28:45,366 charges_calc.py:79  DEBUG For RNT580, rental end day is prior to rental start date, swap date.
2019-04-15 22:28:45,366 charges_calc.py:79  DEBUG For RNT582, rental end day is prior to rental start date, swap date.
2019-04-15 22:28:45,366 charges_calc.py:79  DEBUG For RNT585, rental end day is prior to rental start date, swap date.
2019-04-15 22:28:45,366 charges_calc.py:79  DEBUG For RNT586, rental end day is prior to rental start date, swap date.
2019-04-15 22:28:45,366 charges_calc.py:79  DEBUG For RNT587, rental end day is prior to rental start date, swap date.
2019-04-15 22:28:45,367 charges_calc.py:79  DEBUG For RNT590, rental end day is prior to rental start date, swap date.
2019-04-15 22:28:45,367 charges_calc.py:79  DEBUG For RNT591, rental end day is prior to rental start date, swap date.
2019-04-15 22:28:45,367 charges_calc.py:79  DEBUG For RNT592, rental end day is prior to rental start date, swap date.
2019-04-15 22:28:45,367 charges_calc.py:79  DEBUG For RNT593, rental end day is prior to rental start date, swap date.
2019-04-15 22:28:45,368 charges_calc.py:79  DEBUG For RNT595, rental end day is prior to rental start date, swap date.
2019-04-15 22:28:45,368 charges_calc.py:79  DEBUG For RNT597, rental end day is prior to rental start date, swap date.
2019-04-15 22:28:45,368 charges_calc.py:79  DEBUG For RNT598, rental end day is prior to rental start date, swap date.
2019-04-15 22:28:45,368 charges_calc.py:79  DEBUG For RNT599, rental end day is prior to rental start date, swap date.
2019-04-15 22:28:45,369 charges_calc.py:79  DEBUG For RNT601, rental end day is prior to rental start date, swap date.
2019-04-15 22:28:45,369 charges_calc.py:79  DEBUG For RNT602, rental end day is prior to rental start date, swap date.
2019-04-15 22:28:45,369 charges_calc.py:79  DEBUG For RNT603, rental end day is prior to rental start date, swap date.
2019-04-15 22:28:45,369 charges_calc.py:79  DEBUG For RNT604, rental end day is prior to rental start date, swap date.
2019-04-15 22:28:45,370 charges_calc.py:79  DEBUG For RNT605, rental end day is prior to rental start date, swap date.
2019-04-15 22:28:45,370 charges_calc.py:79  DEBUG For RNT606, rental end day is prior to rental start date, swap date.
2019-04-15 22:28:45,370 charges_calc.py:79  DEBUG For RNT611, rental end day is prior to rental start date, swap date.
2019-04-15 22:28:45,371 charges_calc.py:79  DEBUG For RNT613, rental end day is prior to rental start date, swap date.
2019-04-15 22:28:45,371 charges_calc.py:79  DEBUG For RNT615, rental end day is prior to rental start date, swap date.
2019-04-15 22:28:45,371 charges_calc.py:79  DEBUG For RNT622, rental end day is prior to rental start date, swap date.
2019-04-15 22:28:45,372 charges_calc.py:79  DEBUG For RNT626, rental end day is prior to rental start date, swap date.
2019-04-15 22:28:45,372 charges_calc.py:79  DEBUG For RNT630, rental end day is prior to rental start date, swap date.
2019-04-15 22:28:45,372 charges_calc.py:79  DEBUG For RNT632, rental end day is prior to rental start date, swap date.
2019-04-15 22:28:45,373 charges_calc.py:79  DEBUG For RNT633, rental end day is prior to rental start date, swap date.
2019-04-15 22:28:45,373 charges_calc.py:79  DEBUG For RNT634, rental end day is prior to rental start date, swap date.
2019-04-15 22:28:45,373 charges_calc.py:79  DEBUG For RNT636, rental end day is prior to rental start date, swap date.
2019-04-15 22:28:45,373 charges_calc.py:79  DEBUG For RNT638, rental end day is prior to rental start date, swap date.
2019-04-15 22:28:45,374 charges_calc.py:79  DEBUG For RNT639, rental end day is prior to rental start date, swap date.
2019-04-15 22:28:45,374 charges_calc.py:79  DEBUG For RNT640, rental end day is prior to rental start date, swap date.
2019-04-15 22:28:45,374 charges_calc.py:79  DEBUG For RNT642, rental end day is prior to rental start date, swap date.
2019-04-15 22:28:45,374 charges_calc.py:79  DEBUG For RNT643, rental end day is prior to rental start date, swap date.
2019-04-15 22:28:45,375 charges_calc.py:79  DEBUG For RNT647, rental end day is prior to rental start date, swap date.
2019-04-15 22:28:45,375 charges_calc.py:79  DEBUG For RNT648, rental end day is prior to rental start date, swap date.
2019-04-15 22:28:45,375 charges_calc.py:79  DEBUG For RNT649, rental end day is prior to rental start date, swap date.
2019-04-15 22:28:45,375 charges_calc.py:79  DEBUG For RNT651, rental end day is prior to rental start date, swap date.
2019-04-15 22:28:45,376 charges_calc.py:79  DEBUG For RNT653, rental end day is prior to rental start date, swap date.
2019-04-15 22:28:45,376 charges_calc.py:79  DEBUG For RNT656, rental end day is prior to rental start date, swap date.
2019-04-15 22:28:45,376 charges_calc.py:79  DEBUG For RNT659, rental end day is prior to rental start date, swap date.
2019-04-15 22:28:45,376 charges_calc.py:79  DEBUG For RNT662, rental end day is prior to rental start date, swap date.
2019-04-15 22:28:45,377 charges_calc.py:79  DEBUG For RNT663, rental end day is prior to rental start date, swap date.
2019-04-15 22:28:45,377 charges_calc.py:79  DEBUG For RNT664, rental end day is prior to rental start date, swap date.
2019-04-15 22:28:45,377 charges_calc.py:79  DEBUG For RNT665, rental end day is prior to rental start date, swap date.
2019-04-15 22:28:45,378 charges_calc.py:79  DEBUG For RNT667, rental end day is prior to rental start date, swap date.
2019-04-15 22:28:45,378 charges_calc.py:79  DEBUG For RNT668, rental end day is prior to rental start date, swap date.
2019-04-15 22:28:45,378 charges_calc.py:79  DEBUG For RNT670, rental end day is prior to rental start date, swap date.
2019-04-15 22:28:45,378 charges_calc.py:79  DEBUG For RNT671, rental end day is prior to rental start date, swap date.
2019-04-15 22:28:45,379 charges_calc.py:79  DEBUG For RNT674, rental end day is prior to rental start date, swap date.
2019-04-15 22:28:45,379 charges_calc.py:79  DEBUG For RNT677, rental end day is prior to rental start date, swap date.
2019-04-15 22:28:45,379 charges_calc.py:79  DEBUG For RNT678, rental end day is prior to rental start date, swap date.
2019-04-15 22:28:45,379 charges_calc.py:79  DEBUG For RNT679, rental end day is prior to rental start date, swap date.
2019-04-15 22:28:45,380 charges_calc.py:79  DEBUG For RNT682, rental end day is prior to rental start date, swap date.
2019-04-15 22:28:45,380 charges_calc.py:79  DEBUG For RNT684, rental end day is prior to rental start date, swap date.
2019-04-15 22:28:45,380 charges_calc.py:79  DEBUG For RNT688, rental end day is prior to rental start date, swap date.
2019-04-15 22:28:45,381 charges_calc.py:79  DEBUG For RNT691, rental end day is prior to rental start date, swap date.
2019-04-15 22:28:45,381 charges_calc.py:79  DEBUG For RNT692, rental end day is prior to rental start date, swap date.
2019-04-15 22:28:45,381 charges_calc.py:79  DEBUG For RNT694, rental end day is prior to rental start date, swap date.
2019-04-15 22:28:45,381 charges_calc.py:79  DEBUG For RNT695, rental end day is prior to rental start date, swap date.
2019-04-15 22:28:45,382 charges_calc.py:79  DEBUG For RNT698, rental end day is prior to rental start date, swap date.
2019-04-15 22:28:45,382 charges_calc.py:79  DEBUG For RNT702, rental end day is prior to rental start date, swap date.
2019-04-15 22:28:45,382 charges_calc.py:79  DEBUG For RNT703, rental end day is prior to rental start date, swap date.
2019-04-15 22:28:45,383 charges_calc.py:79  DEBUG For RNT704, rental end day is prior to rental start date, swap date.
2019-04-15 22:28:45,383 charges_calc.py:79  DEBUG For RNT706, rental end day is prior to rental start date, swap date.
2019-04-15 22:28:45,383 charges_calc.py:79  DEBUG For RNT709, rental end day is prior to rental start date, swap date.
2019-04-15 22:28:45,383 charges_calc.py:79  DEBUG For RNT711, rental end day is prior to rental start date, swap date.
2019-04-15 22:28:45,384 charges_calc.py:79  DEBUG For RNT712, rental end day is prior to rental start date, swap date.
2019-04-15 22:28:45,384 charges_calc.py:79  DEBUG For RNT715, rental end day is prior to rental start date, swap date.
2019-04-15 22:28:45,384 charges_calc.py:79  DEBUG For RNT717, rental end day is prior to rental start date, swap date.
2019-04-15 22:28:45,384 charges_calc.py:79  DEBUG For RNT719, rental end day is prior to rental start date, swap date.
2019-04-15 22:28:45,385 charges_calc.py:79  DEBUG For RNT721, rental end day is prior to rental start date, swap date.
2019-04-15 22:28:45,385 charges_calc.py:79  DEBUG For RNT722, rental end day is prior to rental start date, swap date.
2019-04-15 22:28:45,385 charges_calc.py:79  DEBUG For RNT725, rental end day is prior to rental start date, swap date.
2019-04-15 22:28:45,385 charges_calc.py:79  DEBUG For RNT726, rental end day is prior to rental start date, swap date.
2019-04-15 22:28:45,386 charges_calc.py:79  DEBUG For RNT729, rental end day is prior to rental start date, swap date.
2019-04-15 22:28:45,386 charges_calc.py:79  DEBUG For RNT731, rental end day is prior to rental start date, swap date.
2019-04-15 22:28:45,386 charges_calc.py:79  DEBUG For RNT732, rental end day is prior to rental start date, swap date.
2019-04-15 22:28:45,387 charges_calc.py:79  DEBUG For RNT733, rental end day is prior to rental start date, swap date.
2019-04-15 22:28:45,387 charges_calc.py:79  DEBUG For RNT740, rental end day is prior to rental start date, swap date.
2019-04-15 22:28:45,388 charges_calc.py:79  DEBUG For RNT745, rental end day is prior to rental start date, swap date.
2019-04-15 22:28:45,388 charges_calc.py:79  DEBUG For RNT746, rental end day is prior to rental start date, swap date.
2019-04-15 22:28:45,389 charges_calc.py:79  DEBUG For RNT748, rental end day is prior to rental start date, swap date.
2019-04-15 22:28:45,389 charges_calc.py:79  DEBUG For RNT750, rental end day is prior to rental start date, swap date.
2019-04-15 22:28:45,389 charges_calc.py:79  DEBUG For RNT751, rental end day is prior to rental start date, swap date.
2019-04-15 22:28:45,390 charges_calc.py:79  DEBUG For RNT753, rental end day is prior to rental start date, swap date.
2019-04-15 22:28:45,390 charges_calc.py:79  DEBUG For RNT756, rental end day is prior to rental start date, swap date.
2019-04-15 22:28:45,391 charges_calc.py:79  DEBUG For RNT757, rental end day is prior to rental start date, swap date.
2019-04-15 22:28:45,391 charges_calc.py:79  DEBUG For RNT759, rental end day is prior to rental start date, swap date.
2019-04-15 22:28:45,392 charges_calc.py:79  DEBUG For RNT766, rental end day is prior to rental start date, swap date.
2019-04-15 22:28:45,393 charges_calc.py:79  DEBUG For RNT770, rental end day is prior to rental start date, swap date.
2019-04-15 22:28:45,393 charges_calc.py:79  DEBUG For RNT772, rental end day is prior to rental start date, swap date.
2019-04-15 22:28:45,393 charges_calc.py:79  DEBUG For RNT773, rental end day is prior to rental start date, swap date.
2019-04-15 22:28:45,394 charges_calc.py:79  DEBUG For RNT774, rental end day is prior to rental start date, swap date.
2019-04-15 22:28:45,394 charges_calc.py:71  WARNING For RNT776, rental end/start day is missing, skip entry.
2019-04-15 22:28:45,394 charges_calc.py:79  DEBUG For RNT778, rental end day is prior to rental start date, swap date.
2019-04-15 22:28:45,395 charges_calc.py:79  DEBUG For RNT779, rental end day is prior to rental start date, swap date.
2019-04-15 22:28:45,395 charges_calc.py:79  DEBUG For RNT782, rental end day is prior to rental start date, swap date.
2019-04-15 22:28:45,396 charges_calc.py:79  DEBUG For RNT783, rental end day is prior to rental start date, swap date.
2019-04-15 22:28:45,397 charges_calc.py:79  DEBUG For RNT790, rental end day is prior to rental start date, swap date.
2019-04-15 22:28:45,398 charges_calc.py:79  DEBUG For RNT791, rental end day is prior to rental start date, swap date.
2019-04-15 22:28:45,398 charges_calc.py:79  DEBUG For RNT794, rental end day is prior to rental start date, swap date.
2019-04-15 22:28:45,399 charges_calc.py:79  DEBUG For RNT795, rental end day is prior to rental start date, swap date.
2019-04-15 22:28:45,399 charges_calc.py:79  DEBUG For RNT796, rental end day is prior to rental start date, swap date.
2019-04-15 22:28:45,400 charges_calc.py:79  DEBUG For RNT803, rental end day is prior to rental start date, swap date.
2019-04-15 22:28:45,401 charges_calc.py:79  DEBUG For RNT807, rental end day is prior to rental start date, swap date.
2019-04-15 22:28:45,401 charges_calc.py:79  DEBUG For RNT808, rental end day is prior to rental start date, swap date.
2019-04-15 22:28:45,401 charges_calc.py:79  DEBUG For RNT809, rental end day is prior to rental start date, swap date.
2019-04-15 22:28:45,401 charges_calc.py:79  DEBUG For RNT812, rental end day is prior to rental start date, swap date.
2019-04-15 22:28:45,402 charges_calc.py:79  DEBUG For RNT814, rental end day is prior to rental start date, swap date.
2019-04-15 22:28:45,402 charges_calc.py:79  DEBUG For RNT815, rental end day is prior to rental start date, swap date.
2019-04-15 22:28:45,402 charges_calc.py:79  DEBUG For RNT816, rental end day is prior to rental start date, swap date.
2019-04-15 22:28:45,402 charges_calc.py:79  DEBUG For RNT817, rental end day is prior to rental start date, swap date.
2019-04-15 22:28:45,403 charges_calc.py:79  DEBUG For RNT818, rental end day is prior to rental start date, swap date.
2019-04-15 22:28:45,403 charges_calc.py:79  DEBUG For RNT819, rental end day is prior to rental start date, swap date.
2019-04-15 22:28:45,403 charges_calc.py:79  DEBUG For RNT820, rental end day is prior to rental start date, swap date.
2019-04-15 22:28:45,403 charges_calc.py:79  DEBUG For RNT822, rental end day is prior to rental start date, swap date.
2019-04-15 22:28:45,404 charges_calc.py:79  DEBUG For RNT825, rental end day is prior to rental start date, swap date.
2019-04-15 22:28:45,404 charges_calc.py:79  DEBUG For RNT831, rental end day is prior to rental start date, swap date.
2019-04-15 22:28:45,405 charges_calc.py:79  DEBUG For RNT835, rental end day is prior to rental start date, swap date.
2019-04-15 22:28:45,405 charges_calc.py:79  DEBUG For RNT836, rental end day is prior to rental start date, swap date.
2019-04-15 22:28:45,405 charges_calc.py:79  DEBUG For RNT839, rental end day is prior to rental start date, swap date.
2019-04-15 22:28:45,405 charges_calc.py:79  DEBUG For RNT840, rental end day is prior to rental start date, swap date.
2019-04-15 22:28:45,406 charges_calc.py:79  DEBUG For RNT842, rental end day is prior to rental start date, swap date.
2019-04-15 22:28:45,406 charges_calc.py:79  DEBUG For RNT843, rental end day is prior to rental start date, swap date.
2019-04-15 22:28:45,406 charges_calc.py:89  WARNING For RNT843, units rented is 0, skip entry.
2019-04-15 22:28:45,406 charges_calc.py:79  DEBUG For RNT844, rental end day is prior to rental start date, swap date.
2019-04-15 22:28:45,407 charges_calc.py:79  DEBUG For RNT846, rental end day is prior to rental start date, swap date.
2019-04-15 22:28:45,407 charges_calc.py:79  DEBUG For RNT847, rental end day is prior to rental start date, swap date.
2019-04-15 22:28:45,407 charges_calc.py:79  DEBUG For RNT849, rental end day is prior to rental start date, swap date.
2019-04-15 22:28:45,407 charges_calc.py:79  DEBUG For RNT853, rental end day is prior to rental start date, swap date.
2019-04-15 22:28:45,408 charges_calc.py:79  DEBUG For RNT855, rental end day is prior to rental start date, swap date.
2019-04-15 22:28:45,408 charges_calc.py:79  DEBUG For RNT858, rental end day is prior to rental start date, swap date.
2019-04-15 22:28:45,408 charges_calc.py:79  DEBUG For RNT861, rental end day is prior to rental start date, swap date.
2019-04-15 22:28:45,409 charges_calc.py:79  DEBUG For RNT863, rental end day is prior to rental start date, swap date.
2019-04-15 22:28:45,409 charges_calc.py:79  DEBUG For RNT864, rental end day is prior to rental start date, swap date.
2019-04-15 22:28:45,409 charges_calc.py:79  DEBUG For RNT866, rental end day is prior to rental start date, swap date.
2019-04-15 22:28:45,409 charges_calc.py:79  DEBUG For RNT867, rental end day is prior to rental start date, swap date.
2019-04-15 22:28:45,410 charges_calc.py:79  DEBUG For RNT869, rental end day is prior to rental start date, swap date.
2019-04-15 22:28:45,410 charges_calc.py:79  DEBUG For RNT871, rental end day is prior to rental start date, swap date.
2019-04-15 22:28:45,410 charges_calc.py:79  DEBUG For RNT873, rental end day is prior to rental start date, swap date.
2019-04-15 22:28:45,410 charges_calc.py:79  DEBUG For RNT874, rental end day is prior to rental start date, swap date.
2019-04-15 22:28:45,411 charges_calc.py:79  DEBUG For RNT876, rental end day is prior to rental start date, swap date.
2019-04-15 22:28:45,411 charges_calc.py:79  DEBUG For RNT879, rental end day is prior to rental start date, swap date.
2019-04-15 22:28:45,411 charges_calc.py:79  DEBUG For RNT882, rental end day is prior to rental start date, swap date.
2019-04-15 22:28:45,411 charges_calc.py:79  DEBUG For RNT883, rental end day is prior to rental start date, swap date.
2019-04-15 22:28:45,412 charges_calc.py:79  DEBUG For RNT884, rental end day is prior to rental start date, swap date.
2019-04-15 22:28:45,412 charges_calc.py:79  DEBUG For RNT886, rental end day is prior to rental start date, swap date.
2019-04-15 22:28:45,412 charges_calc.py:79  DEBUG For RNT890, rental end day is prior to rental start date, swap date.
2019-04-15 22:28:45,413 charges_calc.py:79  DEBUG For RNT892, rental end day is prior to rental start date, swap date.
2019-04-15 22:28:45,413 charges_calc.py:79  DEBUG For RNT893, rental end day is prior to rental start date, swap date.
2019-04-15 22:28:45,413 charges_calc.py:79  DEBUG For RNT894, rental end day is prior to rental start date, swap date.
2019-04-15 22:28:45,413 charges_calc.py:79  DEBUG For RNT895, rental end day is prior to rental start date, swap date.
2019-04-15 22:28:45,413 charges_calc.py:79  DEBUG For RNT896, rental end day is prior to rental start date, swap date.
2019-04-15 22:28:45,414 charges_calc.py:79  DEBUG For RNT898, rental end day is prior to rental start date, swap date.
2019-04-15 22:28:45,414 charges_calc.py:79  DEBUG For RNT901, rental end day is prior to rental start date, swap date.
2019-04-15 22:28:45,414 charges_calc.py:79  DEBUG For RNT903, rental end day is prior to rental start date, swap date.
2019-04-15 22:28:45,414 charges_calc.py:79  DEBUG For RNT905, rental end day is prior to rental start date, swap date.
2019-04-15 22:28:45,415 charges_calc.py:79  DEBUG For RNT909, rental end day is prior to rental start date, swap date.
2019-04-15 22:28:45,415 charges_calc.py:79  DEBUG For RNT911, rental end day is prior to rental start date, swap date.
2019-04-15 22:28:45,415 charges_calc.py:79  DEBUG For RNT912, rental end day is prior to rental start date, swap date.
2019-04-15 22:28:45,415 charges_calc.py:79  DEBUG For RNT914, rental end day is prior to rental start date, swap date.
2019-04-15 22:28:45,416 charges_calc.py:79  DEBUG For RNT915, rental end day is prior to rental start date, swap date.
2019-04-15 22:28:45,416 charges_calc.py:79  DEBUG For RNT917, rental end day is prior to rental start date, swap date.
2019-04-15 22:28:45,416 charges_calc.py:79  DEBUG For RNT918, rental end day is prior to rental start date, swap date.
2019-04-15 22:28:45,416 charges_calc.py:79  DEBUG For RNT919, rental end day is prior to rental start date, swap date.
2019-04-15 22:28:45,417 charges_calc.py:79  DEBUG For RNT922, rental end day is prior to rental start date, swap date.
2019-04-15 22:28:45,417 charges_calc.py:79  DEBUG For RNT924, rental end day is prior to rental start date, swap date.
2019-04-15 22:28:45,417 charges_calc.py:79  DEBUG For RNT926, rental end day is prior to rental start date, swap date.
2019-04-15 22:28:45,417 charges_calc.py:79  DEBUG For RNT927, rental end day is prior to rental start date, swap date.
2019-04-15 22:28:45,417 charges_calc.py:79  DEBUG For RNT928, rental end day is prior to rental start date, swap date.
2019-04-15 22:28:45,418 charges_calc.py:79  DEBUG For RNT930, rental end day is prior to rental start date, swap date.
2019-04-15 22:28:45,418 charges_calc.py:79  DEBUG For RNT931, rental end day is prior to rental start date, swap date.
2019-04-15 22:28:45,418 charges_calc.py:79  DEBUG For RNT932, rental end day is prior to rental start date, swap date.
2019-04-15 22:28:45,418 charges_calc.py:79  DEBUG For RNT935, rental end day is prior to rental start date, swap date.
2019-04-15 22:28:45,419 charges_calc.py:79  DEBUG For RNT937, rental end day is prior to rental start date, swap date.
2019-04-15 22:28:45,419 charges_calc.py:79  DEBUG For RNT938, rental end day is prior to rental start date, swap date.
2019-04-15 22:28:45,419 charges_calc.py:79  DEBUG For RNT939, rental end day is prior to rental start date, swap date.
2019-04-15 22:28:45,419 charges_calc.py:79  DEBUG For RNT940, rental end day is prior to rental start date, swap date.
2019-04-15 22:28:45,420 charges_calc.py:79  DEBUG For RNT942, rental end day is prior to rental start date, swap date.
2019-04-15 22:28:45,420 charges_calc.py:79  DEBUG For RNT943, rental end day is prior to rental start date, swap date.
2019-04-15 22:28:45,420 charges_calc.py:79  DEBUG For RNT944, rental end day is prior to rental start date, swap date.
2019-04-15 22:28:45,420 charges_calc.py:79  DEBUG For RNT946, rental end day is prior to rental start date, swap date.
2019-04-15 22:28:45,421 charges_calc.py:79  DEBUG For RNT947, rental end day is prior to rental start date, swap date.
2019-04-15 22:28:45,421 charges_calc.py:79  DEBUG For RNT948, rental end day is prior to rental start date, swap date.
2019-04-15 22:28:45,421 charges_calc.py:79  DEBUG For RNT949, rental end day is prior to rental start date, swap date.
2019-04-15 22:28:45,421 charges_calc.py:79  DEBUG For RNT951, rental end day is prior to rental start date, swap date.
2019-04-15 22:28:45,422 charges_calc.py:79  DEBUG For RNT955, rental end day is prior to rental start date, swap date.
2019-04-15 22:28:45,422 charges_calc.py:79  DEBUG For RNT956, rental end day is prior to rental start date, swap date.
2019-04-15 22:28:45,423 charges_calc.py:79  DEBUG For RNT957, rental end day is prior to rental start date, swap date.
2019-04-15 22:28:45,423 charges_calc.py:79  DEBUG For RNT958, rental end day is prior to rental start date, swap date.
2019-04-15 22:28:45,423 charges_calc.py:79  DEBUG For RNT959, rental end day is prior to rental start date, swap date.
2019-04-15 22:28:45,424 charges_calc.py:79  DEBUG For RNT960, rental end day is prior to rental start date, swap date.
2019-04-15 22:28:45,424 charges_calc.py:79  DEBUG For RNT961, rental end day is prior to rental start date, swap date.
2019-04-15 22:28:45,424 charges_calc.py:79  DEBUG For RNT962, rental end day is prior to rental start date, swap date.
2019-04-15 22:28:45,425 charges_calc.py:79  DEBUG For RNT963, rental end day is prior to rental start date, swap date.
2019-04-15 22:28:45,425 charges_calc.py:79  DEBUG For RNT965, rental end day is prior to rental start date, swap date.
2019-04-15 22:28:45,425 charges_calc.py:79  DEBUG For RNT967, rental end day is prior to rental start date, swap date.
2019-04-15 22:28:45,426 charges_calc.py:79  DEBUG For RNT969, rental end day is prior to rental start date, swap date.
2019-04-15 22:28:45,426 charges_calc.py:79  DEBUG For RNT970, rental end day is prior to rental start date, swap date.
2019-04-15 22:28:45,426 charges_calc.py:79  DEBUG For RNT971, rental end day is prior to rental start date, swap date.
2019-04-15 22:28:45,427 charges_calc.py:79  DEBUG For RNT974, rental end day is prior to rental start date, swap date.
2019-04-15 22:28:45,427 charges_calc.py:79  DEBUG For RNT977, rental end day is prior to rental start date, swap date.
2019-04-15 22:28:45,427 charges_calc.py:79  DEBUG For RNT979, rental end day is prior to rental start date, swap date.
2019-04-15 22:28:45,427 charges_calc.py:79  DEBUG For RNT982, rental end day is prior to rental start date, swap date.
2019-04-15 22:28:45,428 charges_calc.py:79  DEBUG For RNT983, rental end day is prior to rental start date, swap date.
2019-04-15 22:28:45,428 charges_calc.py:79  DEBUG For RNT985, rental end day is prior to rental start date, swap date.
2019-04-15 22:28:45,428 charges_calc.py:79  DEBUG For RNT986, rental end day is prior to rental start date, swap date.
2019-04-15 22:28:45,428 charges_calc.py:79  DEBUG For RNT987, rental end day is prior to rental start date, swap date.
2019-04-15 22:28:45,429 charges_calc.py:79  DEBUG For RNT989, rental end day is prior to rental start date, swap date.
2019-04-15 22:28:45,429 charges_calc.py:79  DEBUG For RNT994, rental end day is prior to rental start date, swap date.
2019-04-15 22:28:45,430 charges_calc.py:79  DEBUG For RNT998, rental end day is prior to rental start date, swap date.
2019-04-15 22:28:45,430 charges_calc.py:79  DEBUG For RNT999, rental end day is prior to rental start date, swap date.

